E170120 16:46:22.048584 87 util/log/clog.go:1003  [config] file created at: 2017/01/20 16:46:22
E170120 16:46:22.048584 87 util/log/clog.go:1003  [config] running on machine: MBP-de-Jhon
E170120 16:46:22.048584 87 util/log/clog.go:1003  [config] binary: CockroachDB beta-20170112 (darwin amd64, built 2017/01/20 15:39:54, go1.7.4)
E170120 16:46:22.048584 87 util/log/clog.go:1003  [config] arguments: [cockroach start --http-port=8000]
E170120 16:46:22.048584 87 util/log/clog.go:1003  line format: [IWEF]yymmdd hh:mm:ss.uuuuuu goid file:line msg
E170120 16:46:22.048583 87 storage/queue.go:610  [replicate,n1,s1,r21/1:/Table/5{0-1},@c42030d200] purgatory: 0 of 1 store with an attribute matching []; likely not enough nodes in cluster
E170120 16:46:22.049277 24 storage/queue.go:610  [replicate,n1,s1,r21/1:/Table/5{0-1},@c42030d200] purgatory: 0 of 1 store with an attribute matching []; likely not enough nodes in cluster
E170120 16:46:22.249279 87 storage/queue.go:610  [replicate,n1,s1,r2/1:/Table/1{1-2},@c42030c600] purgatory: 0 of 1 store with an attribute matching []; likely not enough nodes in cluster
E170120 16:46:22.450354 87 storage/queue.go:610  [replicate,n1,s1,r4/1:/Table/1{3-4},@c42030cc00] purgatory: 0 of 1 store with an attribute matching []; likely not enough nodes in cluster
E170120 16:46:22.650693 87 storage/queue.go:610  [replicate,n1,s1,r1/1:/{Min-Table/11},@c42030c000] purgatory: 0 of 1 store with an attribute matching []; likely not enough nodes in cluster
E170120 16:46:22.853234 87 storage/queue.go:610  [replicate,n1,s1,r22/1:/{Table/51-Max},@c42030d500] purgatory: 0 of 1 store with an attribute matching []; likely not enough nodes in cluster
E170120 16:46:23.054303 87 storage/queue.go:610  [replicate,n1,s1,r3/1:/Table/1{2-3},@c42030c900] purgatory: 0 of 1 store with an attribute matching []; likely not enough nodes in cluster
E170120 16:46:23.257459 87 storage/queue.go:610  [replicate,n1,s1,r5/1:/Table/{14-50},@c42030cf00] purgatory: 0 of 1 store with an attribute matching []; likely not enough nodes in cluster
E170120 16:46:31.844809 46 server/status/runtime.go:187  unable to get file descriptor usage (will not try again): not implemented on darwin
E170120 16:47:21.846711 24 storage/queue.go:610  [replicate,n1,s1,r5/1:/Table/{14-50},@c42030cf00] purgatory: 0 of 1 store with an attribute matching []; likely not enough nodes in cluster
E170120 16:47:21.847197 24 storage/queue.go:610  [replicate,n1,s1,r21/1:/Table/5{0-1},@c42030d200] purgatory: 0 of 1 store with an attribute matching []; likely not enough nodes in cluster
E170120 16:47:21.847639 24 storage/queue.go:610  [replicate,n1,s1,r2/1:/Table/1{1-2},@c42030c600] purgatory: 0 of 1 store with an attribute matching []; likely not enough nodes in cluster
E170120 16:47:21.848213 24 storage/queue.go:610  [replicate,n1,s1,r4/1:/Table/1{3-4},@c42030cc00] purgatory: 0 of 1 store with an attribute matching []; likely not enough nodes in cluster
E170120 16:47:21.848271 24 storage/queue.go:610  [replicate,n1,s1,r1/1:/{Min-Table/11},@c42030c000] purgatory: 0 of 1 store with an attribute matching []; likely not enough nodes in cluster
E170120 16:47:21.848763 24 storage/queue.go:610  [replicate,n1,s1,r22/1:/{Table/51-Max},@c42030d500] purgatory: 0 of 1 store with an attribute matching []; likely not enough nodes in cluster
E170120 16:47:21.849168 24 storage/queue.go:610  [replicate,n1,s1,r3/1:/Table/1{2-3},@c42030c900] purgatory: 0 of 1 store with an attribute matching []; likely not enough nodes in cluster
E170120 16:48:21.847217 24 storage/queue.go:610  [replicate,n1,s1,r21/1:/Table/5{0-1},@c42030d200] purgatory: 0 of 1 store with an attribute matching []; likely not enough nodes in cluster
E170120 16:48:21.847781 24 storage/queue.go:610  [replicate,n1,s1,r2/1:/Table/1{1-2},@c42030c600] purgatory: 0 of 1 store with an attribute matching []; likely not enough nodes in cluster
E170120 16:48:21.848424 24 storage/queue.go:610  [replicate,n1,s1,r4/1:/Table/1{3-4},@c42030cc00] purgatory: 0 of 1 store with an attribute matching []; likely not enough nodes in cluster
E170120 16:48:21.848493 24 storage/queue.go:610  [replicate,n1,s1,r1/1:/{Min-Table/11},@c42030c000] purgatory: 0 of 1 store with an attribute matching []; likely not enough nodes in cluster
E170120 16:48:21.850368 24 storage/queue.go:610  [replicate,n1,s1,r22/1:/{Table/51-Max},@c42030d500] purgatory: 0 of 1 store with an attribute matching []; likely not enough nodes in cluster
E170120 16:48:21.850899 24 storage/queue.go:610  [replicate,n1,s1,r3/1:/Table/1{2-3},@c42030c900] purgatory: 0 of 1 store with an attribute matching []; likely not enough nodes in cluster
E170120 16:48:21.851492 24 storage/queue.go:610  [replicate,n1,s1,r5/1:/Table/{14-50},@c42030cf00] purgatory: 0 of 1 store with an attribute matching []; likely not enough nodes in cluster
E170120 16:49:21.847196 24 storage/queue.go:610  [replicate,n1,s1,r22/1:/{Table/51-Max},@c42030d500] purgatory: 0 of 1 store with an attribute matching []; likely not enough nodes in cluster
E170120 16:49:21.847787 24 storage/queue.go:610  [replicate,n1,s1,r3/1:/Table/1{2-3},@c42030c900] purgatory: 0 of 1 store with an attribute matching []; likely not enough nodes in cluster
E170120 16:49:21.848354 24 storage/queue.go:610  [replicate,n1,s1,r5/1:/Table/{14-50},@c42030cf00] purgatory: 0 of 1 store with an attribute matching []; likely not enough nodes in cluster
E170120 16:49:21.848944 24 storage/queue.go:610  [replicate,n1,s1,r21/1:/Table/5{0-1},@c42030d200] purgatory: 0 of 1 store with an attribute matching []; likely not enough nodes in cluster
E170120 16:49:21.849608 24 storage/queue.go:610  [replicate,n1,s1,r2/1:/Table/1{1-2},@c42030c600] purgatory: 0 of 1 store with an attribute matching []; likely not enough nodes in cluster
E170120 16:49:21.850097 24 storage/queue.go:610  [replicate,n1,s1,r4/1:/Table/1{3-4},@c42030cc00] purgatory: 0 of 1 store with an attribute matching []; likely not enough nodes in cluster
E170120 16:49:21.850150 24 storage/queue.go:610  [replicate,n1,s1,r1/1:/{Min-Table/11},@c42030c000] purgatory: 0 of 1 store with an attribute matching []; likely not enough nodes in cluster
E170120 16:50:21.848218 24 storage/queue.go:610  [replicate,n1,s1,r22/1:/{Table/51-Max},@c42030d500] purgatory: 0 of 1 store with an attribute matching []; likely not enough nodes in cluster
E170120 16:50:21.848823 24 storage/queue.go:610  [replicate,n1,s1,r3/1:/Table/1{2-3},@c42030c900] purgatory: 0 of 1 store with an attribute matching []; likely not enough nodes in cluster
E170120 16:50:21.849382 24 storage/queue.go:610  [replicate,n1,s1,r5/1:/Table/{14-50},@c42030cf00] purgatory: 0 of 1 store with an attribute matching []; likely not enough nodes in cluster
E170120 16:50:21.850054 24 storage/queue.go:610  [replicate,n1,s1,r21/1:/Table/5{0-1},@c42030d200] purgatory: 0 of 1 store with an attribute matching []; likely not enough nodes in cluster
E170120 16:50:21.850817 24 storage/queue.go:610  [replicate,n1,s1,r2/1:/Table/1{1-2},@c42030c600] purgatory: 0 of 1 store with an attribute matching []; likely not enough nodes in cluster
E170120 16:50:21.851348 24 storage/queue.go:610  [replicate,n1,s1,r4/1:/Table/1{3-4},@c42030cc00] purgatory: 0 of 1 store with an attribute matching []; likely not enough nodes in cluster
E170120 16:50:21.851401 24 storage/queue.go:610  [replicate,n1,s1,r1/1:/{Min-Table/11},@c42030c000] purgatory: 0 of 1 store with an attribute matching []; likely not enough nodes in cluster
E170120 16:51:21.847856 24 storage/queue.go:610  [replicate,n1,s1,r21/1:/Table/5{0-1},@c42030d200] purgatory: 0 of 1 store with an attribute matching []; likely not enough nodes in cluster
E170120 16:51:21.848514 24 storage/queue.go:610  [replicate,n1,s1,r2/1:/Table/1{1-2},@c42030c600] purgatory: 0 of 1 store with an attribute matching []; likely not enough nodes in cluster
E170120 16:51:21.849134 24 storage/queue.go:610  [replicate,n1,s1,r4/1:/Table/1{3-4},@c42030cc00] purgatory: 0 of 1 store with an attribute matching []; likely not enough nodes in cluster
E170120 16:51:21.849209 24 storage/queue.go:610  [replicate,n1,s1,r1/1:/{Min-Table/11},@c42030c000] purgatory: 0 of 1 store with an attribute matching []; likely not enough nodes in cluster
E170120 16:51:21.849867 24 storage/queue.go:610  [replicate,n1,s1,r22/1:/{Table/51-Max},@c42030d500] purgatory: 0 of 1 store with an attribute matching []; likely not enough nodes in cluster
E170120 16:51:21.850622 87 storage/queue.go:610  [replicate,n1,s1,r5/1:/Table/{14-50},@c42030cf00] purgatory: 0 of 1 store with an attribute matching []; likely not enough nodes in cluster
E170120 16:51:21.851104 24 storage/queue.go:610  [replicate,n1,s1,r3/1:/Table/1{2-3},@c42030c900] purgatory: 0 of 1 store with an attribute matching []; likely not enough nodes in cluster
E170120 16:52:21.846268 24 storage/queue.go:610  [replicate,n1,s1,r3/1:/Table/1{2-3},@c42030c900] purgatory: 0 of 1 store with an attribute matching []; likely not enough nodes in cluster
E170120 16:52:21.846901 24 storage/queue.go:610  [replicate,n1,s1,r21/1:/Table/5{0-1},@c42030d200] purgatory: 0 of 1 store with an attribute matching []; likely not enough nodes in cluster
E170120 16:52:21.847538 24 storage/queue.go:610  [replicate,n1,s1,r2/1:/Table/1{1-2},@c42030c600] purgatory: 0 of 1 store with an attribute matching []; likely not enough nodes in cluster
E170120 16:52:21.848239 24 storage/queue.go:610  [replicate,n1,s1,r4/1:/Table/1{3-4},@c42030cc00] purgatory: 0 of 1 store with an attribute matching []; likely not enough nodes in cluster
E170120 16:52:21.848316 24 storage/queue.go:610  [replicate,n1,s1,r1/1:/{Min-Table/11},@c42030c000] purgatory: 0 of 1 store with an attribute matching []; likely not enough nodes in cluster
E170120 16:52:21.848969 24 storage/queue.go:610  [replicate,n1,s1,r22/1:/{Table/51-Max},@c42030d500] purgatory: 0 of 1 store with an attribute matching []; likely not enough nodes in cluster
E170120 16:52:21.849497 24 storage/queue.go:610  [replicate,n1,s1,r5/1:/Table/{14-50},@c42030cf00] purgatory: 0 of 1 store with an attribute matching []; likely not enough nodes in cluster
E170120 16:53:21.844391 24 storage/queue.go:610  [replicate,n1,s1,r3/1:/Table/1{2-3},@c42030c900] purgatory: 0 of 1 store with an attribute matching []; likely not enough nodes in cluster
E170120 16:53:21.844772 24 storage/queue.go:610  [replicate,n1,s1,r21/1:/Table/5{0-1},@c42030d200] purgatory: 0 of 1 store with an attribute matching []; likely not enough nodes in cluster
E170120 16:53:21.845166 24 storage/queue.go:610  [replicate,n1,s1,r2/1:/Table/1{1-2},@c42030c600] purgatory: 0 of 1 store with an attribute matching []; likely not enough nodes in cluster
E170120 16:53:21.845867 24 storage/queue.go:610  [replicate,n1,s1,r4/1:/Table/1{3-4},@c42030cc00] purgatory: 0 of 1 store with an attribute matching []; likely not enough nodes in cluster
E170120 16:53:21.845963 24 storage/queue.go:610  [replicate,n1,s1,r1/1:/{Min-Table/11},@c42030c000] purgatory: 0 of 1 store with an attribute matching []; likely not enough nodes in cluster
E170120 16:53:21.846850 24 storage/queue.go:610  [replicate,n1,s1,r22/1:/{Table/51-Max},@c42030d500] purgatory: 0 of 1 store with an attribute matching []; likely not enough nodes in cluster
E170120 16:53:21.847456 24 storage/queue.go:610  [replicate,n1,s1,r5/1:/Table/{14-50},@c42030cf00] purgatory: 0 of 1 store with an attribute matching []; likely not enough nodes in cluster
E170120 16:54:21.844191 24 storage/queue.go:610  [replicate,n1,s1,r4/1:/Table/1{3-4},@c42030cc00] purgatory: 0 of 1 store with an attribute matching []; likely not enough nodes in cluster
E170120 16:54:21.844500 24 storage/queue.go:610  [replicate,n1,s1,r1/1:/{Min-Table/11},@c42030c000] purgatory: 0 of 1 store with an attribute matching []; likely not enough nodes in cluster
E170120 16:54:21.845197 24 storage/queue.go:610  [replicate,n1,s1,r22/1:/{Table/51-Max},@c42030d500] purgatory: 0 of 1 store with an attribute matching []; likely not enough nodes in cluster
E170120 16:54:21.845813 24 storage/queue.go:610  [replicate,n1,s1,r5/1:/Table/{14-50},@c42030cf00] purgatory: 0 of 1 store with an attribute matching []; likely not enough nodes in cluster
E170120 16:54:21.846431 24 storage/queue.go:610  [replicate,n1,s1,r3/1:/Table/1{2-3},@c42030c900] purgatory: 0 of 1 store with an attribute matching []; likely not enough nodes in cluster
E170120 16:54:21.846904 24 storage/queue.go:610  [replicate,n1,s1,r21/1:/Table/5{0-1},@c42030d200] purgatory: 0 of 1 store with an attribute matching []; likely not enough nodes in cluster
E170120 16:54:21.847348 24 storage/queue.go:610  [replicate,n1,s1,r2/1:/Table/1{1-2},@c42030c600] purgatory: 0 of 1 store with an attribute matching []; likely not enough nodes in cluster
E170120 16:55:21.844827 24 storage/queue.go:610  [replicate,n1,s1,r1/1:/{Min-Table/11},@c42030c000] purgatory: 0 of 1 store with an attribute matching []; likely not enough nodes in cluster
E170120 16:55:21.845800 24 storage/queue.go:610  [replicate,n1,s1,r22/1:/{Table/51-Max},@c42030d500] purgatory: 0 of 1 store with an attribute matching []; likely not enough nodes in cluster
E170120 16:55:21.846525 24 storage/queue.go:610  [replicate,n1,s1,r5/1:/Table/{14-50},@c42030cf00] purgatory: 0 of 1 store with an attribute matching []; likely not enough nodes in cluster
E170120 16:55:21.848491 24 storage/queue.go:610  [replicate,n1,s1,r3/1:/Table/1{2-3},@c42030c900] purgatory: 0 of 1 store with an attribute matching []; likely not enough nodes in cluster
E170120 16:55:21.850178 24 storage/queue.go:610  [replicate,n1,s1,r21/1:/Table/5{0-1},@c42030d200] purgatory: 0 of 1 store with an attribute matching []; likely not enough nodes in cluster
E170120 16:55:21.851565 24 storage/queue.go:610  [replicate,n1,s1,r2/1:/Table/1{1-2},@c42030c600] purgatory: 0 of 1 store with an attribute matching []; likely not enough nodes in cluster
E170120 16:55:21.852348 24 storage/queue.go:610  [replicate,n1,s1,r4/1:/Table/1{3-4},@c42030cc00] purgatory: 0 of 1 store with an attribute matching []; likely not enough nodes in cluster
E170120 16:56:21.843622 24 storage/queue.go:610  [replicate,n1,s1,r21/1:/Table/5{0-1},@c42030d200] purgatory: 0 of 1 store with an attribute matching []; likely not enough nodes in cluster
E170120 16:56:21.844103 24 storage/queue.go:610  [replicate,n1,s1,r2/1:/Table/1{1-2},@c42030c600] purgatory: 0 of 1 store with an attribute matching []; likely not enough nodes in cluster
E170120 16:56:21.844583 24 storage/queue.go:610  [replicate,n1,s1,r4/1:/Table/1{3-4},@c42030cc00] purgatory: 0 of 1 store with an attribute matching []; likely not enough nodes in cluster
E170120 16:56:21.844630 24 storage/queue.go:610  [replicate,n1,s1,r1/1:/{Min-Table/11},@c42030c000] purgatory: 0 of 1 store with an attribute matching []; likely not enough nodes in cluster
E170120 16:56:21.845060 24 storage/queue.go:610  [replicate,n1,s1,r22/1:/{Table/51-Max},@c42030d500] purgatory: 0 of 1 store with an attribute matching []; likely not enough nodes in cluster
E170120 16:56:21.845426 24 storage/queue.go:610  [replicate,n1,s1,r5/1:/Table/{14-50},@c42030cf00] purgatory: 0 of 1 store with an attribute matching []; likely not enough nodes in cluster
E170120 16:56:21.845809 24 storage/queue.go:610  [replicate,n1,s1,r3/1:/Table/1{2-3},@c42030c900] purgatory: 0 of 1 store with an attribute matching []; likely not enough nodes in cluster
E170120 16:56:22.049308 24 storage/queue.go:677  [n1,replicate] 7 replicas failing with "0 of 1 store with an attribute matching []; likely not enough nodes in cluster"
E170120 16:57:21.848492 24 storage/queue.go:610  [replicate,n1,s1,r21/1:/Table/5{0-1},@c42030d200] purgatory: 0 of 1 store with an attribute matching []; likely not enough nodes in cluster
E170120 16:57:21.849109 24 storage/queue.go:610  [replicate,n1,s1,r2/1:/Table/1{1-2},@c42030c600] purgatory: 0 of 1 store with an attribute matching []; likely not enough nodes in cluster
E170120 16:57:21.849740 24 storage/queue.go:610  [replicate,n1,s1,r4/1:/Table/1{3-4},@c42030cc00] purgatory: 0 of 1 store with an attribute matching []; likely not enough nodes in cluster
E170120 16:57:21.849810 24 storage/queue.go:610  [replicate,n1,s1,r1/1:/{Min-Table/11},@c42030c000] purgatory: 0 of 1 store with an attribute matching []; likely not enough nodes in cluster
E170120 16:57:21.850424 24 storage/queue.go:610  [replicate,n1,s1,r22/1:/{Table/51-Max},@c42030d500] purgatory: 0 of 1 store with an attribute matching []; likely not enough nodes in cluster
E170120 16:57:21.850976 24 storage/queue.go:610  [replicate,n1,s1,r5/1:/Table/{14-50},@c42030cf00] purgatory: 0 of 1 store with an attribute matching []; likely not enough nodes in cluster
E170120 16:57:21.851504 24 storage/queue.go:610  [replicate,n1,s1,r3/1:/Table/1{2-3},@c42030c900] purgatory: 0 of 1 store with an attribute matching []; likely not enough nodes in cluster
E170120 16:58:21.845680 24 storage/queue.go:610  [replicate,n1,s1,r21/1:/Table/5{0-1},@c42030d200] purgatory: 0 of 1 store with an attribute matching []; likely not enough nodes in cluster
E170120 16:58:21.846176 24 storage/queue.go:610  [replicate,n1,s1,r2/1:/Table/1{1-2},@c42030c600] purgatory: 0 of 1 store with an attribute matching []; likely not enough nodes in cluster
E170120 16:58:21.846675 24 storage/queue.go:610  [replicate,n1,s1,r4/1:/Table/1{3-4},@c42030cc00] purgatory: 0 of 1 store with an attribute matching []; likely not enough nodes in cluster
E170120 16:58:21.846731 24 storage/queue.go:610  [replicate,n1,s1,r1/1:/{Min-Table/11},@c42030c000] purgatory: 0 of 1 store with an attribute matching []; likely not enough nodes in cluster
E170120 16:58:21.847309 24 storage/queue.go:610  [replicate,n1,s1,r22/1:/{Table/51-Max},@c42030d500] purgatory: 0 of 1 store with an attribute matching []; likely not enough nodes in cluster
E170120 16:58:21.847804 24 storage/queue.go:610  [replicate,n1,s1,r5/1:/Table/{14-50},@c42030cf00] purgatory: 0 of 1 store with an attribute matching []; likely not enough nodes in cluster
E170120 16:58:21.848245 24 storage/queue.go:610  [replicate,n1,s1,r3/1:/Table/1{2-3},@c42030c900] purgatory: 0 of 1 store with an attribute matching []; likely not enough nodes in cluster
E170120 16:59:21.846866 24 storage/queue.go:610  [replicate,n1,s1,r22/1:/{Table/51-Max},@c42030d500] purgatory: 0 of 1 store with an attribute matching []; likely not enough nodes in cluster
E170120 16:59:21.847483 24 storage/queue.go:610  [replicate,n1,s1,r5/1:/Table/{14-50},@c42030cf00] purgatory: 0 of 1 store with an attribute matching []; likely not enough nodes in cluster
E170120 16:59:21.848067 24 storage/queue.go:610  [replicate,n1,s1,r3/1:/Table/1{2-3},@c42030c900] purgatory: 0 of 1 store with an attribute matching []; likely not enough nodes in cluster
E170120 16:59:21.848681 24 storage/queue.go:610  [replicate,n1,s1,r21/1:/Table/5{0-1},@c42030d200] purgatory: 0 of 1 store with an attribute matching []; likely not enough nodes in cluster
E170120 16:59:21.849335 24 storage/queue.go:610  [replicate,n1,s1,r2/1:/Table/1{1-2},@c42030c600] purgatory: 0 of 1 store with an attribute matching []; likely not enough nodes in cluster
E170120 16:59:21.849867 24 storage/queue.go:610  [replicate,n1,s1,r4/1:/Table/1{3-4},@c42030cc00] purgatory: 0 of 1 store with an attribute matching []; likely not enough nodes in cluster
E170120 16:59:21.849923 24 storage/queue.go:610  [replicate,n1,s1,r1/1:/{Min-Table/11},@c42030c000] purgatory: 0 of 1 store with an attribute matching []; likely not enough nodes in cluster
E170120 17:00:21.848182 24 storage/queue.go:610  [replicate,n1,s1,r5/1:/Table/{14-50},@c42030cf00] purgatory: 0 of 1 store with an attribute matching []; likely not enough nodes in cluster
E170120 17:00:21.848829 24 storage/queue.go:610  [replicate,n1,s1,r3/1:/Table/1{2-3},@c42030c900] purgatory: 0 of 1 store with an attribute matching []; likely not enough nodes in cluster
E170120 17:00:21.849456 24 storage/queue.go:610  [replicate,n1,s1,r21/1:/Table/5{0-1},@c42030d200] purgatory: 0 of 1 store with an attribute matching []; likely not enough nodes in cluster
E170120 17:00:21.850070 24 storage/queue.go:610  [replicate,n1,s1,r2/1:/Table/1{1-2},@c42030c600] purgatory: 0 of 1 store with an attribute matching []; likely not enough nodes in cluster
E170120 17:00:21.850653 24 storage/queue.go:610  [replicate,n1,s1,r4/1:/Table/1{3-4},@c42030cc00] purgatory: 0 of 1 store with an attribute matching []; likely not enough nodes in cluster
E170120 17:00:21.850707 24 storage/queue.go:610  [replicate,n1,s1,r1/1:/{Min-Table/11},@c42030c000] purgatory: 0 of 1 store with an attribute matching []; likely not enough nodes in cluster
E170120 17:00:21.851185 24 storage/queue.go:610  [replicate,n1,s1,r22/1:/{Table/51-Max},@c42030d500] purgatory: 0 of 1 store with an attribute matching []; likely not enough nodes in cluster
E170120 17:01:21.846366 24 storage/queue.go:610  [replicate,n1,s1,r21/1:/Table/5{0-1},@c42030d200] purgatory: 0 of 1 store with an attribute matching []; likely not enough nodes in cluster
E170120 17:01:21.846840 24 storage/queue.go:610  [replicate,n1,s1,r2/1:/Table/1{1-2},@c42030c600] purgatory: 0 of 1 store with an attribute matching []; likely not enough nodes in cluster
E170120 17:01:21.847313 24 storage/queue.go:610  [replicate,n1,s1,r4/1:/Table/1{3-4},@c42030cc00] purgatory: 0 of 1 store with an attribute matching []; likely not enough nodes in cluster
E170120 17:01:21.847379 24 storage/queue.go:610  [replicate,n1,s1,r1/1:/{Min-Table/11},@c42030c000] purgatory: 0 of 1 store with an attribute matching []; likely not enough nodes in cluster
E170120 17:01:21.847845 24 storage/queue.go:610  [replicate,n1,s1,r22/1:/{Table/51-Max},@c42030d500] purgatory: 0 of 1 store with an attribute matching []; likely not enough nodes in cluster
E170120 17:01:21.848332 24 storage/queue.go:610  [replicate,n1,s1,r5/1:/Table/{14-50},@c42030cf00] purgatory: 0 of 1 store with an attribute matching []; likely not enough nodes in cluster
E170120 17:01:21.848779 24 storage/queue.go:610  [replicate,n1,s1,r3/1:/Table/1{2-3},@c42030c900] purgatory: 0 of 1 store with an attribute matching []; likely not enough nodes in cluster
E170120 17:02:21.844789 24 storage/queue.go:610  [replicate,n1,s1,r2/1:/Table/1{1-2},@c42030c600] purgatory: 0 of 1 store with an attribute matching []; likely not enough nodes in cluster
E170120 17:02:21.845368 24 storage/queue.go:610  [replicate,n1,s1,r4/1:/Table/1{3-4},@c42030cc00] purgatory: 0 of 1 store with an attribute matching []; likely not enough nodes in cluster
E170120 17:02:21.845439 24 storage/queue.go:610  [replicate,n1,s1,r1/1:/{Min-Table/11},@c42030c000] purgatory: 0 of 1 store with an attribute matching []; likely not enough nodes in cluster
E170120 17:02:21.846022 24 storage/queue.go:610  [replicate,n1,s1,r22/1:/{Table/51-Max},@c42030d500] purgatory: 0 of 1 store with an attribute matching []; likely not enough nodes in cluster
E170120 17:02:21.846639 24 storage/queue.go:610  [replicate,n1,s1,r5/1:/Table/{14-50},@c42030cf00] purgatory: 0 of 1 store with an attribute matching []; likely not enough nodes in cluster
E170120 17:02:21.847239 24 storage/queue.go:610  [replicate,n1,s1,r3/1:/Table/1{2-3},@c42030c900] purgatory: 0 of 1 store with an attribute matching []; likely not enough nodes in cluster
E170120 17:02:21.847782 24 storage/queue.go:610  [replicate,n1,s1,r21/1:/Table/5{0-1},@c42030d200] purgatory: 0 of 1 store with an attribute matching []; likely not enough nodes in cluster
E170120 17:03:21.845651 24 storage/queue.go:610  [replicate,n1,s1,r4/1:/Table/1{3-4},@c42030cc00] purgatory: 0 of 1 store with an attribute matching []; likely not enough nodes in cluster
E170120 17:03:21.845701 24 storage/queue.go:610  [replicate,n1,s1,r1/1:/{Min-Table/11},@c42030c000] purgatory: 0 of 1 store with an attribute matching []; likely not enough nodes in cluster
E170120 17:03:21.846095 24 storage/queue.go:610  [replicate,n1,s1,r22/1:/{Table/51-Max},@c42030d500] purgatory: 0 of 1 store with an attribute matching []; likely not enough nodes in cluster
E170120 17:03:21.846535 24 storage/queue.go:610  [replicate,n1,s1,r5/1:/Table/{14-50},@c42030cf00] purgatory: 0 of 1 store with an attribute matching []; likely not enough nodes in cluster
E170120 17:03:21.846962 24 storage/queue.go:610  [replicate,n1,s1,r3/1:/Table/1{2-3},@c42030c900] purgatory: 0 of 1 store with an attribute matching []; likely not enough nodes in cluster
E170120 17:03:21.847373 24 storage/queue.go:610  [replicate,n1,s1,r21/1:/Table/5{0-1},@c42030d200] purgatory: 0 of 1 store with an attribute matching []; likely not enough nodes in cluster
E170120 17:03:21.847779 24 storage/queue.go:610  [replicate,n1,s1,r2/1:/Table/1{1-2},@c42030c600] purgatory: 0 of 1 store with an attribute matching []; likely not enough nodes in cluster
E170120 17:04:21.848323 24 storage/queue.go:610  [replicate,n1,s1,r21/1:/Table/5{0-1},@c42030d200] purgatory: 0 of 1 store with an attribute matching []; likely not enough nodes in cluster
E170120 17:04:21.850424 24 storage/queue.go:610  [replicate,n1,s1,r2/1:/Table/1{1-2},@c42030c600] purgatory: 0 of 1 store with an attribute matching []; likely not enough nodes in cluster
E170120 17:04:21.851197 24 storage/queue.go:610  [replicate,n1,s1,r4/1:/Table/1{3-4},@c42030cc00] purgatory: 0 of 1 store with an attribute matching []; likely not enough nodes in cluster
E170120 17:04:21.851258 24 storage/queue.go:610  [replicate,n1,s1,r1/1:/{Min-Table/11},@c42030c000] purgatory: 0 of 1 store with an attribute matching []; likely not enough nodes in cluster
E170120 17:04:21.851816 24 storage/queue.go:610  [replicate,n1,s1,r22/1:/{Table/51-Max},@c42030d500] purgatory: 0 of 1 store with an attribute matching []; likely not enough nodes in cluster
E170120 17:04:21.852290 24 storage/queue.go:610  [replicate,n1,s1,r5/1:/Table/{14-50},@c42030cf00] purgatory: 0 of 1 store with an attribute matching []; likely not enough nodes in cluster
E170120 17:04:21.852695 24 storage/queue.go:610  [replicate,n1,s1,r3/1:/Table/1{2-3},@c42030c900] purgatory: 0 of 1 store with an attribute matching []; likely not enough nodes in cluster
E170120 17:04:54.228965 87 storage/queue.go:610  [replicate,n1,s1,r31/1:/{Table/52-Max},@c420ef8600] purgatory: 0 of 1 store with an attribute matching []; likely not enough nodes in cluster
E170120 17:04:54.229040 24 storage/queue.go:610  [replicate,n1,s1,r3/1:/Table/1{2-3},@c42030c900] purgatory: 0 of 1 store with an attribute matching []; likely not enough nodes in cluster
E170120 17:04:54.229454 24 storage/queue.go:610  [replicate,n1,s1,r21/1:/Table/5{0-1},@c42030d200] purgatory: 0 of 1 store with an attribute matching []; likely not enough nodes in cluster
E170120 17:04:54.229789 24 storage/queue.go:610  [replicate,n1,s1,r2/1:/Table/1{1-2},@c42030c600] purgatory: 0 of 1 store with an attribute matching []; likely not enough nodes in cluster
E170120 17:04:54.229827 24 storage/queue.go:610  [replicate,n1,s1,r4/1:/Table/1{3-4},@c42030cc00] purgatory: 0 of 1 store with an attribute matching []; likely not enough nodes in cluster
E170120 17:04:54.229860 24 storage/queue.go:610  [replicate,n1,s1,r1/1:/{Min-Table/11},@c42030c000] purgatory: 0 of 1 store with an attribute matching []; likely not enough nodes in cluster
E170120 17:04:54.229892 24 storage/queue.go:610  [replicate,n1,s1,r22/1:/Table/5{1-2},@c42030d500] purgatory: 0 of 1 store with an attribute matching []; likely not enough nodes in cluster
E170120 17:04:54.230249 24 storage/queue.go:610  [replicate,n1,s1,r5/1:/Table/{14-50},@c42030cf00] purgatory: 0 of 1 store with an attribute matching []; likely not enough nodes in cluster
E170120 17:05:21.843422 24 storage/queue.go:610  [replicate,n1,s1,r1/1:/{Min-Table/11},@c42030c000] purgatory: 0 of 1 store with an attribute matching []; likely not enough nodes in cluster
E170120 17:05:21.844404 24 storage/queue.go:610  [replicate,n1,s1,r22/1:/Table/5{1-2},@c42030d500] purgatory: 0 of 1 store with an attribute matching []; likely not enough nodes in cluster
E170120 17:05:21.845110 24 storage/queue.go:610  [replicate,n1,s1,r5/1:/Table/{14-50},@c42030cf00] purgatory: 0 of 1 store with an attribute matching []; likely not enough nodes in cluster
E170120 17:05:21.845768 24 storage/queue.go:610  [replicate,n1,s1,r31/1:/{Table/52-Max},@c420ef8600] purgatory: 0 of 1 store with an attribute matching []; likely not enough nodes in cluster
E170120 17:05:21.846357 24 storage/queue.go:610  [replicate,n1,s1,r3/1:/Table/1{2-3},@c42030c900] purgatory: 0 of 1 store with an attribute matching []; likely not enough nodes in cluster
E170120 17:05:21.846906 24 storage/queue.go:610  [replicate,n1,s1,r21/1:/Table/5{0-1},@c42030d200] purgatory: 0 of 1 store with an attribute matching []; likely not enough nodes in cluster
E170120 17:05:21.847354 24 storage/queue.go:610  [replicate,n1,s1,r2/1:/Table/1{1-2},@c42030c600] purgatory: 0 of 1 store with an attribute matching []; likely not enough nodes in cluster
E170120 17:05:21.847841 24 storage/queue.go:610  [replicate,n1,s1,r4/1:/Table/1{3-4},@c42030cc00] purgatory: 0 of 1 store with an attribute matching []; likely not enough nodes in cluster
E170120 17:06:21.846165 24 storage/queue.go:610  [replicate,n1,s1,r4/1:/Table/1{3-4},@c42030cc00] purgatory: 0 of 1 store with an attribute matching []; likely not enough nodes in cluster
E170120 17:06:21.846283 24 storage/queue.go:610  [replicate,n1,s1,r1/1:/{Min-Table/11},@c42030c000] purgatory: 0 of 1 store with an attribute matching []; likely not enough nodes in cluster
E170120 17:06:21.847316 24 storage/queue.go:610  [replicate,n1,s1,r22/1:/Table/5{1-2},@c42030d500] purgatory: 0 of 1 store with an attribute matching []; likely not enough nodes in cluster
E170120 17:06:21.847821 24 storage/queue.go:610  [replicate,n1,s1,r5/1:/Table/{14-50},@c42030cf00] purgatory: 0 of 1 store with an attribute matching []; likely not enough nodes in cluster
E170120 17:06:21.848323 24 storage/queue.go:610  [replicate,n1,s1,r31/1:/{Table/52-Max},@c420ef8600] purgatory: 0 of 1 store with an attribute matching []; likely not enough nodes in cluster
E170120 17:06:21.848813 24 storage/queue.go:610  [replicate,n1,s1,r3/1:/Table/1{2-3},@c42030c900] purgatory: 0 of 1 store with an attribute matching []; likely not enough nodes in cluster
E170120 17:06:21.849270 24 storage/queue.go:610  [replicate,n1,s1,r21/1:/Table/5{0-1},@c42030d200] purgatory: 0 of 1 store with an attribute matching []; likely not enough nodes in cluster
E170120 17:06:21.849701 24 storage/queue.go:610  [replicate,n1,s1,r2/1:/Table/1{1-2},@c42030c600] purgatory: 0 of 1 store with an attribute matching []; likely not enough nodes in cluster
E170120 17:06:22.050000 24 storage/queue.go:677  [n1,replicate] 8 replicas failing with "0 of 1 store with an attribute matching []; likely not enough nodes in cluster"
E170120 17:07:21.845218 24 storage/queue.go:610  [replicate,n1,s1,r2/1:/Table/1{1-2},@c42030c600] purgatory: 0 of 1 store with an attribute matching []; likely not enough nodes in cluster
E170120 17:07:21.845825 24 storage/queue.go:610  [replicate,n1,s1,r4/1:/Table/1{3-4},@c42030cc00] purgatory: 0 of 1 store with an attribute matching []; likely not enough nodes in cluster
E170120 17:07:21.845897 24 storage/queue.go:610  [replicate,n1,s1,r1/1:/{Min-Table/11},@c42030c000] purgatory: 0 of 1 store with an attribute matching []; likely not enough nodes in cluster
E170120 17:07:21.846513 24 storage/queue.go:610  [replicate,n1,s1,r22/1:/Table/5{1-2},@c42030d500] purgatory: 0 of 1 store with an attribute matching []; likely not enough nodes in cluster
E170120 17:07:21.847077 24 storage/queue.go:610  [replicate,n1,s1,r5/1:/Table/{14-50},@c42030cf00] purgatory: 0 of 1 store with an attribute matching []; likely not enough nodes in cluster
E170120 17:07:21.847622 24 storage/queue.go:610  [replicate,n1,s1,r31/1:/{Table/52-Max},@c420ef8600] purgatory: 0 of 1 store with an attribute matching []; likely not enough nodes in cluster
E170120 17:07:21.848057 24 storage/queue.go:610  [replicate,n1,s1,r3/1:/Table/1{2-3},@c42030c900] purgatory: 0 of 1 store with an attribute matching []; likely not enough nodes in cluster
E170120 17:07:21.849364 24 storage/queue.go:610  [replicate,n1,s1,r21/1:/Table/5{0-1},@c42030d200] purgatory: 0 of 1 store with an attribute matching []; likely not enough nodes in cluster
E170120 17:08:21.847103 24 storage/queue.go:610  [replicate,n1,s1,r1/1:/{Min-Table/11},@c42030c000] purgatory: 0 of 1 store with an attribute matching []; likely not enough nodes in cluster
E170120 17:08:21.847909 24 storage/queue.go:610  [replicate,n1,s1,r22/1:/Table/5{1-2},@c42030d500] purgatory: 0 of 1 store with an attribute matching []; likely not enough nodes in cluster
E170120 17:08:21.848556 24 storage/queue.go:610  [replicate,n1,s1,r5/1:/Table/{14-50},@c42030cf00] purgatory: 0 of 1 store with an attribute matching []; likely not enough nodes in cluster
E170120 17:08:21.849410 24 storage/queue.go:610  [replicate,n1,s1,r31/1:/{Table/52-Max},@c420ef8600] purgatory: 0 of 1 store with an attribute matching []; likely not enough nodes in cluster
E170120 17:08:21.850124 24 storage/queue.go:610  [replicate,n1,s1,r3/1:/Table/1{2-3},@c42030c900] purgatory: 0 of 1 store with an attribute matching []; likely not enough nodes in cluster
E170120 17:08:21.850693 24 storage/queue.go:610  [replicate,n1,s1,r21/1:/Table/5{0-1},@c42030d200] purgatory: 0 of 1 store with an attribute matching []; likely not enough nodes in cluster
E170120 17:08:21.851292 24 storage/queue.go:610  [replicate,n1,s1,r2/1:/Table/1{1-2},@c42030c600] purgatory: 0 of 1 store with an attribute matching []; likely not enough nodes in cluster
E170120 17:08:21.851817 24 storage/queue.go:610  [replicate,n1,s1,r4/1:/Table/1{3-4},@c42030cc00] purgatory: 0 of 1 store with an attribute matching []; likely not enough nodes in cluster
E170120 17:09:21.847409 24 storage/queue.go:610  [replicate,n1,s1,r2/1:/Table/1{1-2},@c42030c600] purgatory: 0 of 1 store with an attribute matching []; likely not enough nodes in cluster
E170120 17:09:21.848066 24 storage/queue.go:610  [replicate,n1,s1,r4/1:/Table/1{3-4},@c42030cc00] purgatory: 0 of 1 store with an attribute matching []; likely not enough nodes in cluster
E170120 17:09:21.848137 24 storage/queue.go:610  [replicate,n1,s1,r1/1:/{Min-Table/11},@c42030c000] purgatory: 0 of 1 store with an attribute matching []; likely not enough nodes in cluster
E170120 17:09:21.848700 24 storage/queue.go:610  [replicate,n1,s1,r22/1:/Table/5{1-2},@c42030d500] purgatory: 0 of 1 store with an attribute matching []; likely not enough nodes in cluster
E170120 17:09:21.849345 24 storage/queue.go:610  [replicate,n1,s1,r5/1:/Table/{14-50},@c42030cf00] purgatory: 0 of 1 store with an attribute matching []; likely not enough nodes in cluster
E170120 17:09:21.849815 24 storage/queue.go:610  [replicate,n1,s1,r31/1:/{Table/52-Max},@c420ef8600] purgatory: 0 of 1 store with an attribute matching []; likely not enough nodes in cluster
E170120 17:09:21.850455 24 storage/queue.go:610  [replicate,n1,s1,r3/1:/Table/1{2-3},@c42030c900] purgatory: 0 of 1 store with an attribute matching []; likely not enough nodes in cluster
E170120 17:09:21.851077 24 storage/queue.go:610  [replicate,n1,s1,r21/1:/Table/5{0-1},@c42030d200] purgatory: 0 of 1 store with an attribute matching []; likely not enough nodes in cluster
E170120 17:10:21.844198 24 storage/queue.go:610  [replicate,n1,s1,r21/1:/Table/5{0-1},@c42030d200] purgatory: 0 of 1 store with an attribute matching []; likely not enough nodes in cluster
E170120 17:10:21.845032 24 storage/queue.go:610  [replicate,n1,s1,r2/1:/Table/1{1-2},@c42030c600] purgatory: 0 of 1 store with an attribute matching []; likely not enough nodes in cluster
E170120 17:10:21.845651 24 storage/queue.go:610  [replicate,n1,s1,r4/1:/Table/1{3-4},@c42030cc00] purgatory: 0 of 1 store with an attribute matching []; likely not enough nodes in cluster
E170120 17:10:21.845724 24 storage/queue.go:610  [replicate,n1,s1,r1/1:/{Min-Table/11},@c42030c000] purgatory: 0 of 1 store with an attribute matching []; likely not enough nodes in cluster
E170120 17:10:21.846318 24 storage/queue.go:610  [replicate,n1,s1,r22/1:/Table/5{1-2},@c42030d500] purgatory: 0 of 1 store with an attribute matching []; likely not enough nodes in cluster
E170120 17:10:21.846913 24 storage/queue.go:610  [replicate,n1,s1,r5/1:/Table/{14-50},@c42030cf00] purgatory: 0 of 1 store with an attribute matching []; likely not enough nodes in cluster
E170120 17:10:21.847372 24 storage/queue.go:610  [replicate,n1,s1,r31/1:/{Table/52-Max},@c420ef8600] purgatory: 0 of 1 store with an attribute matching []; likely not enough nodes in cluster
E170120 17:10:21.847839 24 storage/queue.go:610  [replicate,n1,s1,r3/1:/Table/1{2-3},@c42030c900] purgatory: 0 of 1 store with an attribute matching []; likely not enough nodes in cluster
E170120 17:11:21.846571 24 storage/queue.go:610  [replicate,n1,s1,r3/1:/Table/1{2-3},@c42030c900] purgatory: 0 of 1 store with an attribute matching []; likely not enough nodes in cluster
E170120 17:11:21.847210 24 storage/queue.go:610  [replicate,n1,s1,r21/1:/Table/5{0-1},@c42030d200] purgatory: 0 of 1 store with an attribute matching []; likely not enough nodes in cluster
E170120 17:11:21.847828 24 storage/queue.go:610  [replicate,n1,s1,r2/1:/Table/1{1-2},@c42030c600] purgatory: 0 of 1 store with an attribute matching []; likely not enough nodes in cluster
E170120 17:11:21.848437 24 storage/queue.go:610  [replicate,n1,s1,r4/1:/Table/1{3-4},@c42030cc00] purgatory: 0 of 1 store with an attribute matching []; likely not enough nodes in cluster
E170120 17:11:21.848508 24 storage/queue.go:610  [replicate,n1,s1,r1/1:/{Min-Table/11},@c42030c000] purgatory: 0 of 1 store with an attribute matching []; likely not enough nodes in cluster
E170120 17:11:21.849118 24 storage/queue.go:610  [replicate,n1,s1,r22/1:/Table/5{1-2},@c42030d500] purgatory: 0 of 1 store with an attribute matching []; likely not enough nodes in cluster
E170120 17:11:21.849625 24 storage/queue.go:610  [replicate,n1,s1,r5/1:/Table/{14-50},@c42030cf00] purgatory: 0 of 1 store with an attribute matching []; likely not enough nodes in cluster
E170120 17:11:21.850110 24 storage/queue.go:610  [replicate,n1,s1,r31/1:/{Table/52-Max},@c420ef8600] purgatory: 0 of 1 store with an attribute matching []; likely not enough nodes in cluster
E170120 17:12:21.843332 24 storage/queue.go:610  [replicate,n1,s1,r1/1:/{Min-Table/11},@c42030c000] purgatory: 0 of 1 store with an attribute matching []; likely not enough nodes in cluster
E170120 17:12:21.844212 24 storage/queue.go:610  [replicate,n1,s1,r22/1:/Table/5{1-2},@c42030d500] purgatory: 0 of 1 store with an attribute matching []; likely not enough nodes in cluster
E170120 17:12:21.844891 24 storage/queue.go:610  [replicate,n1,s1,r5/1:/Table/{14-50},@c42030cf00] purgatory: 0 of 1 store with an attribute matching []; likely not enough nodes in cluster
E170120 17:12:21.845524 24 storage/queue.go:610  [replicate,n1,s1,r31/1:/{Table/52-Max},@c420ef8600] purgatory: 0 of 1 store with an attribute matching []; likely not enough nodes in cluster
E170120 17:12:21.846122 24 storage/queue.go:610  [replicate,n1,s1,r3/1:/Table/1{2-3},@c42030c900] purgatory: 0 of 1 store with an attribute matching []; likely not enough nodes in cluster
E170120 17:12:21.846554 24 storage/queue.go:610  [replicate,n1,s1,r21/1:/Table/5{0-1},@c42030d200] purgatory: 0 of 1 store with an attribute matching []; likely not enough nodes in cluster
E170120 17:12:21.847040 24 storage/queue.go:610  [replicate,n1,s1,r2/1:/Table/1{1-2},@c42030c600] purgatory: 0 of 1 store with an attribute matching []; likely not enough nodes in cluster
E170120 17:12:21.847464 24 storage/queue.go:610  [replicate,n1,s1,r4/1:/Table/1{3-4},@c42030cc00] purgatory: 0 of 1 store with an attribute matching []; likely not enough nodes in cluster
E170120 17:13:21.844317 24 storage/queue.go:610  [replicate,n1,s1,r22/1:/Table/5{1-2},@c42030d500] purgatory: 0 of 1 store with an attribute matching []; likely not enough nodes in cluster
E170120 17:13:21.844667 24 storage/queue.go:610  [replicate,n1,s1,r5/1:/Table/{14-50},@c42030cf00] purgatory: 0 of 1 store with an attribute matching []; likely not enough nodes in cluster
E170120 17:13:21.845032 24 storage/queue.go:610  [replicate,n1,s1,r31/1:/{Table/52-Max},@c420ef8600] purgatory: 0 of 1 store with an attribute matching []; likely not enough nodes in cluster
E170120 17:13:21.845440 24 storage/queue.go:610  [replicate,n1,s1,r3/1:/Table/1{2-3},@c42030c900] purgatory: 0 of 1 store with an attribute matching []; likely not enough nodes in cluster
E170120 17:13:21.845798 24 storage/queue.go:610  [replicate,n1,s1,r21/1:/Table/5{0-1},@c42030d200] purgatory: 0 of 1 store with an attribute matching []; likely not enough nodes in cluster
E170120 17:13:21.846190 24 storage/queue.go:610  [replicate,n1,s1,r2/1:/Table/1{1-2},@c42030c600] purgatory: 0 of 1 store with an attribute matching []; likely not enough nodes in cluster
E170120 17:13:21.846537 24 storage/queue.go:610  [replicate,n1,s1,r4/1:/Table/1{3-4},@c42030cc00] purgatory: 0 of 1 store with an attribute matching []; likely not enough nodes in cluster
E170120 17:13:21.846575 24 storage/queue.go:610  [replicate,n1,s1,r1/1:/{Min-Table/11},@c42030c000] purgatory: 0 of 1 store with an attribute matching []; likely not enough nodes in cluster
E170120 17:14:21.846226 24 storage/queue.go:610  [replicate,n1,s1,r31/1:/{Table/52-Max},@c420ef8600] purgatory: 0 of 1 store with an attribute matching []; likely not enough nodes in cluster
E170120 17:14:21.846846 24 storage/queue.go:610  [replicate,n1,s1,r3/1:/Table/1{2-3},@c42030c900] purgatory: 0 of 1 store with an attribute matching []; likely not enough nodes in cluster
E170120 17:14:21.847441 24 storage/queue.go:610  [replicate,n1,s1,r21/1:/Table/5{0-1},@c42030d200] purgatory: 0 of 1 store with an attribute matching []; likely not enough nodes in cluster
E170120 17:14:21.848058 24 storage/queue.go:610  [replicate,n1,s1,r2/1:/Table/1{1-2},@c42030c600] purgatory: 0 of 1 store with an attribute matching []; likely not enough nodes in cluster
E170120 17:14:21.848636 24 storage/queue.go:610  [replicate,n1,s1,r4/1:/Table/1{3-4},@c42030cc00] purgatory: 0 of 1 store with an attribute matching []; likely not enough nodes in cluster
E170120 17:14:21.848707 24 storage/queue.go:610  [replicate,n1,s1,r1/1:/{Min-Table/11},@c42030c000] purgatory: 0 of 1 store with an attribute matching []; likely not enough nodes in cluster
E170120 17:14:21.849305 24 storage/queue.go:610  [replicate,n1,s1,r22/1:/Table/5{1-2},@c42030d500] purgatory: 0 of 1 store with an attribute matching []; likely not enough nodes in cluster
E170120 17:14:21.849739 24 storage/queue.go:610  [replicate,n1,s1,r5/1:/Table/{14-50},@c42030cf00] purgatory: 0 of 1 store with an attribute matching []; likely not enough nodes in cluster
E170120 17:15:21.844191 24 storage/queue.go:610  [replicate,n1,s1,r31/1:/{Table/52-Max},@c420ef8600] purgatory: 0 of 1 store with an attribute matching []; likely not enough nodes in cluster
E170120 17:15:21.844888 24 storage/queue.go:610  [replicate,n1,s1,r3/1:/Table/1{2-3},@c42030c900] purgatory: 0 of 1 store with an attribute matching []; likely not enough nodes in cluster
E170120 17:15:21.845520 24 storage/queue.go:610  [replicate,n1,s1,r21/1:/Table/5{0-1},@c42030d200] purgatory: 0 of 1 store with an attribute matching []; likely not enough nodes in cluster
E170120 17:15:21.846075 24 storage/queue.go:610  [replicate,n1,s1,r2/1:/Table/1{1-2},@c42030c600] purgatory: 0 of 1 store with an attribute matching []; likely not enough nodes in cluster
E170120 17:15:21.846567 24 storage/queue.go:610  [replicate,n1,s1,r4/1:/Table/1{3-4},@c42030cc00] purgatory: 0 of 1 store with an attribute matching []; likely not enough nodes in cluster
E170120 17:15:21.846621 24 storage/queue.go:610  [replicate,n1,s1,r1/1:/{Min-Table/11},@c42030c000] purgatory: 0 of 1 store with an attribute matching []; likely not enough nodes in cluster
E170120 17:15:21.847093 24 storage/queue.go:610  [replicate,n1,s1,r22/1:/Table/5{1-2},@c42030d500] purgatory: 0 of 1 store with an attribute matching []; likely not enough nodes in cluster
E170120 17:15:21.847557 24 storage/queue.go:610  [replicate,n1,s1,r5/1:/Table/{14-50},@c42030cf00] purgatory: 0 of 1 store with an attribute matching []; likely not enough nodes in cluster
E170120 17:16:21.844323 24 storage/queue.go:610  [replicate,n1,s1,r3/1:/Table/1{2-3},@c42030c900] purgatory: 0 of 1 store with an attribute matching []; likely not enough nodes in cluster
E170120 17:16:21.844982 24 storage/queue.go:610  [replicate,n1,s1,r21/1:/Table/5{0-1},@c42030d200] purgatory: 0 of 1 store with an attribute matching []; likely not enough nodes in cluster
E170120 17:16:21.845601 24 storage/queue.go:610  [replicate,n1,s1,r2/1:/Table/1{1-2},@c42030c600] purgatory: 0 of 1 store with an attribute matching []; likely not enough nodes in cluster
E170120 17:16:21.846239 24 storage/queue.go:610  [replicate,n1,s1,r4/1:/Table/1{3-4},@c42030cc00] purgatory: 0 of 1 store with an attribute matching []; likely not enough nodes in cluster
E170120 17:16:21.846309 24 storage/queue.go:610  [replicate,n1,s1,r1/1:/{Min-Table/11},@c42030c000] purgatory: 0 of 1 store with an attribute matching []; likely not enough nodes in cluster
E170120 17:16:21.846919 24 storage/queue.go:610  [replicate,n1,s1,r22/1:/Table/5{1-2},@c42030d500] purgatory: 0 of 1 store with an attribute matching []; likely not enough nodes in cluster
E170120 17:16:21.847457 24 storage/queue.go:610  [replicate,n1,s1,r5/1:/Table/{14-50},@c42030cf00] purgatory: 0 of 1 store with an attribute matching []; likely not enough nodes in cluster
E170120 17:16:21.848024 24 storage/queue.go:610  [replicate,n1,s1,r31/1:/{Table/52-Max},@c420ef8600] purgatory: 0 of 1 store with an attribute matching []; likely not enough nodes in cluster
E170120 17:16:22.050688 24 storage/queue.go:677  [n1,replicate] 8 replicas failing with "0 of 1 store with an attribute matching []; likely not enough nodes in cluster"
E170120 17:17:21.844117 24 storage/queue.go:610  [replicate,n1,s1,r2/1:/Table/1{1-2},@c42030c600] purgatory: 0 of 1 store with an attribute matching []; likely not enough nodes in cluster
E170120 17:17:21.844768 24 storage/queue.go:610  [replicate,n1,s1,r4/1:/Table/1{3-4},@c42030cc00] purgatory: 0 of 1 store with an attribute matching []; likely not enough nodes in cluster
E170120 17:17:21.844841 24 storage/queue.go:610  [replicate,n1,s1,r1/1:/{Min-Table/11},@c42030c000] purgatory: 0 of 1 store with an attribute matching []; likely not enough nodes in cluster
E170120 17:17:21.845448 24 storage/queue.go:610  [replicate,n1,s1,r22/1:/Table/5{1-2},@c42030d500] purgatory: 0 of 1 store with an attribute matching []; likely not enough nodes in cluster
E170120 17:17:21.846066 24 storage/queue.go:610  [replicate,n1,s1,r5/1:/Table/{14-50},@c42030cf00] purgatory: 0 of 1 store with an attribute matching []; likely not enough nodes in cluster
E170120 17:17:21.846666 24 storage/queue.go:610  [replicate,n1,s1,r31/1:/{Table/52-Max},@c420ef8600] purgatory: 0 of 1 store with an attribute matching []; likely not enough nodes in cluster
E170120 17:17:21.847187 24 storage/queue.go:610  [replicate,n1,s1,r3/1:/Table/1{2-3},@c42030c900] purgatory: 0 of 1 store with an attribute matching []; likely not enough nodes in cluster
E170120 17:17:21.847669 24 storage/queue.go:610  [replicate,n1,s1,r21/1:/Table/5{0-1},@c42030d200] purgatory: 0 of 1 store with an attribute matching []; likely not enough nodes in cluster
E170120 17:18:21.844342 24 storage/queue.go:610  [replicate,n1,s1,r2/1:/Table/1{1-2},@c42030c600] purgatory: 0 of 1 store with an attribute matching []; likely not enough nodes in cluster
E170120 17:18:21.845647 24 storage/queue.go:610  [replicate,n1,s1,r4/1:/Table/1{3-4},@c42030cc00] purgatory: 0 of 1 store with an attribute matching []; likely not enough nodes in cluster
E170120 17:18:21.845799 24 storage/queue.go:610  [replicate,n1,s1,r1/1:/{Min-Table/11},@c42030c000] purgatory: 0 of 1 store with an attribute matching []; likely not enough nodes in cluster
E170120 17:18:21.847566 24 storage/queue.go:610  [replicate,n1,s1,r22/1:/Table/5{1-2},@c42030d500] purgatory: 0 of 1 store with an attribute matching []; likely not enough nodes in cluster
E170120 17:18:21.848913 24 storage/queue.go:610  [replicate,n1,s1,r5/1:/Table/{14-50},@c42030cf00] purgatory: 0 of 1 store with an attribute matching []; likely not enough nodes in cluster
E170120 17:18:21.849954 24 storage/queue.go:610  [replicate,n1,s1,r31/1:/{Table/52-Max},@c420ef8600] purgatory: 0 of 1 store with an attribute matching []; likely not enough nodes in cluster
E170120 17:18:21.850694 24 storage/queue.go:610  [replicate,n1,s1,r3/1:/Table/1{2-3},@c42030c900] purgatory: 0 of 1 store with an attribute matching []; likely not enough nodes in cluster
E170120 17:18:21.851507 24 storage/queue.go:610  [replicate,n1,s1,r21/1:/Table/5{0-1},@c42030d200] purgatory: 0 of 1 store with an attribute matching []; likely not enough nodes in cluster
E170120 17:19:21.843846 24 storage/queue.go:610  [replicate,n1,s1,r1/1:/{Min-Table/11},@c42030c000] purgatory: 0 of 1 store with an attribute matching []; likely not enough nodes in cluster
E170120 17:19:21.844701 24 storage/queue.go:610  [replicate,n1,s1,r22/1:/Table/5{1-2},@c42030d500] purgatory: 0 of 1 store with an attribute matching []; likely not enough nodes in cluster
E170120 17:19:21.845341 24 storage/queue.go:610  [replicate,n1,s1,r5/1:/Table/{14-50},@c42030cf00] purgatory: 0 of 1 store with an attribute matching []; likely not enough nodes in cluster
E170120 17:19:21.845969 24 storage/queue.go:610  [replicate,n1,s1,r31/1:/{Table/52-Max},@c420ef8600] purgatory: 0 of 1 store with an attribute matching []; likely not enough nodes in cluster
E170120 17:19:21.846601 24 storage/queue.go:610  [replicate,n1,s1,r3/1:/Table/1{2-3},@c42030c900] purgatory: 0 of 1 store with an attribute matching []; likely not enough nodes in cluster
E170120 17:19:21.847219 24 storage/queue.go:610  [replicate,n1,s1,r21/1:/Table/5{0-1},@c42030d200] purgatory: 0 of 1 store with an attribute matching []; likely not enough nodes in cluster
E170120 17:19:21.847715 24 storage/queue.go:610  [replicate,n1,s1,r2/1:/Table/1{1-2},@c42030c600] purgatory: 0 of 1 store with an attribute matching []; likely not enough nodes in cluster
E170120 17:19:21.848202 24 storage/queue.go:610  [replicate,n1,s1,r4/1:/Table/1{3-4},@c42030cc00] purgatory: 0 of 1 store with an attribute matching []; likely not enough nodes in cluster
E170120 17:20:21.844378 24 storage/queue.go:610  [replicate,n1,s1,r2/1:/Table/1{1-2},@c42030c600] purgatory: 0 of 1 store with an attribute matching []; likely not enough nodes in cluster
E170120 17:20:21.845056 24 storage/queue.go:610  [replicate,n1,s1,r4/1:/Table/1{3-4},@c42030cc00] purgatory: 0 of 1 store with an attribute matching []; likely not enough nodes in cluster
E170120 17:20:21.845180 24 storage/queue.go:610  [replicate,n1,s1,r1/1:/{Min-Table/11},@c42030c000] purgatory: 0 of 1 store with an attribute matching []; likely not enough nodes in cluster
E170120 17:20:21.845729 24 storage/queue.go:610  [replicate,n1,s1,r22/1:/Table/5{1-2},@c42030d500] purgatory: 0 of 1 store with an attribute matching []; likely not enough nodes in cluster
E170120 17:20:21.846210 24 storage/queue.go:610  [replicate,n1,s1,r5/1:/Table/{14-50},@c42030cf00] purgatory: 0 of 1 store with an attribute matching []; likely not enough nodes in cluster
E170120 17:20:21.846769 24 storage/queue.go:610  [replicate,n1,s1,r31/1:/{Table/52-Max},@c420ef8600] purgatory: 0 of 1 store with an attribute matching []; likely not enough nodes in cluster
E170120 17:20:21.847235 24 storage/queue.go:610  [replicate,n1,s1,r3/1:/Table/1{2-3},@c42030c900] purgatory: 0 of 1 store with an attribute matching []; likely not enough nodes in cluster
E170120 17:20:21.847736 24 storage/queue.go:610  [replicate,n1,s1,r21/1:/Table/5{0-1},@c42030d200] purgatory: 0 of 1 store with an attribute matching []; likely not enough nodes in cluster
E170120 17:21:21.843880 24 storage/queue.go:610  [replicate,n1,s1,r4/1:/Table/1{3-4},@c42030cc00] purgatory: 0 of 1 store with an attribute matching []; likely not enough nodes in cluster
E170120 17:21:21.843978 24 storage/queue.go:610  [replicate,n1,s1,r1/1:/{Min-Table/11},@c42030c000] purgatory: 0 of 1 store with an attribute matching []; likely not enough nodes in cluster
E170120 17:21:21.844705 24 storage/queue.go:610  [replicate,n1,s1,r22/1:/Table/5{1-2},@c42030d500] purgatory: 0 of 1 store with an attribute matching []; likely not enough nodes in cluster
E170120 17:21:21.845282 24 storage/queue.go:610  [replicate,n1,s1,r5/1:/Table/{14-50},@c42030cf00] purgatory: 0 of 1 store with an attribute matching []; likely not enough nodes in cluster
E170120 17:21:21.845905 24 storage/queue.go:610  [replicate,n1,s1,r31/1:/{Table/52-Max},@c420ef8600] purgatory: 0 of 1 store with an attribute matching []; likely not enough nodes in cluster
E170120 17:21:21.846514 24 storage/queue.go:610  [replicate,n1,s1,r3/1:/Table/1{2-3},@c42030c900] purgatory: 0 of 1 store with an attribute matching []; likely not enough nodes in cluster
E170120 17:21:21.847018 24 storage/queue.go:610  [replicate,n1,s1,r21/1:/Table/5{0-1},@c42030d200] purgatory: 0 of 1 store with an attribute matching []; likely not enough nodes in cluster
E170120 17:21:21.847485 24 storage/queue.go:610  [replicate,n1,s1,r2/1:/Table/1{1-2},@c42030c600] purgatory: 0 of 1 store with an attribute matching []; likely not enough nodes in cluster
E170120 17:22:21.848577 24 storage/queue.go:610  [replicate,n1,s1,r5/1:/Table/{14-50},@c42030cf00] purgatory: 0 of 1 store with an attribute matching []; likely not enough nodes in cluster
E170120 17:22:21.849320 24 storage/queue.go:610  [replicate,n1,s1,r31/1:/{Table/52-Max},@c420ef8600] purgatory: 0 of 1 store with an attribute matching []; likely not enough nodes in cluster
E170120 17:22:21.849887 24 storage/queue.go:610  [replicate,n1,s1,r3/1:/Table/1{2-3},@c42030c900] purgatory: 0 of 1 store with an attribute matching []; likely not enough nodes in cluster
E170120 17:22:21.850656 24 storage/queue.go:610  [replicate,n1,s1,r21/1:/Table/5{0-1},@c42030d200] purgatory: 0 of 1 store with an attribute matching []; likely not enough nodes in cluster
E170120 17:22:21.851297 24 storage/queue.go:610  [replicate,n1,s1,r2/1:/Table/1{1-2},@c42030c600] purgatory: 0 of 1 store with an attribute matching []; likely not enough nodes in cluster
E170120 17:22:21.851775 24 storage/queue.go:610  [replicate,n1,s1,r4/1:/Table/1{3-4},@c42030cc00] purgatory: 0 of 1 store with an attribute matching []; likely not enough nodes in cluster
E170120 17:22:21.851832 24 storage/queue.go:610  [replicate,n1,s1,r1/1:/{Min-Table/11},@c42030c000] purgatory: 0 of 1 store with an attribute matching []; likely not enough nodes in cluster
E170120 17:22:21.852294 24 storage/queue.go:610  [replicate,n1,s1,r22/1:/Table/5{1-2},@c42030d500] purgatory: 0 of 1 store with an attribute matching []; likely not enough nodes in cluster
E170120 17:23:21.846792 24 storage/queue.go:610  [replicate,n1,s1,r1/1:/{Min-Table/11},@c42030c000] purgatory: 0 of 1 store with an attribute matching []; likely not enough nodes in cluster
E170120 17:23:21.847599 24 storage/queue.go:610  [replicate,n1,s1,r22/1:/Table/5{1-2},@c42030d500] purgatory: 0 of 1 store with an attribute matching []; likely not enough nodes in cluster
E170120 17:23:21.848239 24 storage/queue.go:610  [replicate,n1,s1,r5/1:/Table/{14-50},@c42030cf00] purgatory: 0 of 1 store with an attribute matching []; likely not enough nodes in cluster
E170120 17:23:21.848890 24 storage/queue.go:610  [replicate,n1,s1,r31/1:/{Table/52-Max},@c420ef8600] purgatory: 0 of 1 store with an attribute matching []; likely not enough nodes in cluster
E170120 17:23:21.849491 24 storage/queue.go:610  [replicate,n1,s1,r3/1:/Table/1{2-3},@c42030c900] purgatory: 0 of 1 store with an attribute matching []; likely not enough nodes in cluster
E170120 17:23:21.850162 24 storage/queue.go:610  [replicate,n1,s1,r21/1:/Table/5{0-1},@c42030d200] purgatory: 0 of 1 store with an attribute matching []; likely not enough nodes in cluster
E170120 17:23:21.850646 24 storage/queue.go:610  [replicate,n1,s1,r2/1:/Table/1{1-2},@c42030c600] purgatory: 0 of 1 store with an attribute matching []; likely not enough nodes in cluster
E170120 17:23:21.851122 24 storage/queue.go:610  [replicate,n1,s1,r4/1:/Table/1{3-4},@c42030cc00] purgatory: 0 of 1 store with an attribute matching []; likely not enough nodes in cluster
E170120 17:24:21.844402 24 storage/queue.go:610  [replicate,n1,s1,r4/1:/Table/1{3-4},@c42030cc00] purgatory: 0 of 1 store with an attribute matching []; likely not enough nodes in cluster
E170120 17:24:21.844476 24 storage/queue.go:610  [replicate,n1,s1,r1/1:/{Min-Table/11},@c42030c000] purgatory: 0 of 1 store with an attribute matching []; likely not enough nodes in cluster
E170120 17:24:21.845107 24 storage/queue.go:610  [replicate,n1,s1,r22/1:/Table/5{1-2},@c42030d500] purgatory: 0 of 1 store with an attribute matching []; likely not enough nodes in cluster
E170120 17:24:21.845736 24 storage/queue.go:610  [replicate,n1,s1,r5/1:/Table/{14-50},@c42030cf00] purgatory: 0 of 1 store with an attribute matching []; likely not enough nodes in cluster
E170120 17:24:21.846361 24 storage/queue.go:610  [replicate,n1,s1,r31/1:/{Table/52-Max},@c420ef8600] purgatory: 0 of 1 store with an attribute matching []; likely not enough nodes in cluster
E170120 17:24:21.846938 24 storage/queue.go:610  [replicate,n1,s1,r3/1:/Table/1{2-3},@c42030c900] purgatory: 0 of 1 store with an attribute matching []; likely not enough nodes in cluster
E170120 17:24:21.847415 24 storage/queue.go:610  [replicate,n1,s1,r21/1:/Table/5{0-1},@c42030d200] purgatory: 0 of 1 store with an attribute matching []; likely not enough nodes in cluster
E170120 17:24:21.847846 24 storage/queue.go:610  [replicate,n1,s1,r2/1:/Table/1{1-2},@c42030c600] purgatory: 0 of 1 store with an attribute matching []; likely not enough nodes in cluster
E170120 17:25:21.847896 24 storage/queue.go:610  [replicate,n1,s1,r3/1:/Table/1{2-3},@c42030c900] purgatory: 0 of 1 store with an attribute matching []; likely not enough nodes in cluster
E170120 17:25:21.848230 24 storage/queue.go:610  [replicate,n1,s1,r21/1:/Table/5{0-1},@c42030d200] purgatory: 0 of 1 store with an attribute matching []; likely not enough nodes in cluster
E170120 17:25:21.848681 24 storage/queue.go:610  [replicate,n1,s1,r2/1:/Table/1{1-2},@c42030c600] purgatory: 0 of 1 store with an attribute matching []; likely not enough nodes in cluster
E170120 17:25:21.848989 24 storage/queue.go:610  [replicate,n1,s1,r4/1:/Table/1{3-4},@c42030cc00] purgatory: 0 of 1 store with an attribute matching []; likely not enough nodes in cluster
E170120 17:25:21.849031 24 storage/queue.go:610  [replicate,n1,s1,r1/1:/{Min-Table/11},@c42030c000] purgatory: 0 of 1 store with an attribute matching []; likely not enough nodes in cluster
E170120 17:25:21.849390 24 storage/queue.go:610  [replicate,n1,s1,r22/1:/Table/5{1-2},@c42030d500] purgatory: 0 of 1 store with an attribute matching []; likely not enough nodes in cluster
E170120 17:25:21.849798 24 storage/queue.go:610  [replicate,n1,s1,r5/1:/Table/{14-50},@c42030cf00] purgatory: 0 of 1 store with an attribute matching []; likely not enough nodes in cluster
E170120 17:25:21.850201 24 storage/queue.go:610  [replicate,n1,s1,r31/1:/{Table/52-Max},@c420ef8600] purgatory: 0 of 1 store with an attribute matching []; likely not enough nodes in cluster
E170120 17:26:21.848466 24 storage/queue.go:610  [replicate,n1,s1,r31/1:/{Table/52-Max},@c420ef8600] purgatory: 0 of 1 store with an attribute matching []; likely not enough nodes in cluster
E170120 17:26:21.849116 24 storage/queue.go:610  [replicate,n1,s1,r3/1:/Table/1{2-3},@c42030c900] purgatory: 0 of 1 store with an attribute matching []; likely not enough nodes in cluster
E170120 17:26:21.849750 24 storage/queue.go:610  [replicate,n1,s1,r21/1:/Table/5{0-1},@c42030d200] purgatory: 0 of 1 store with an attribute matching []; likely not enough nodes in cluster
E170120 17:26:21.850434 24 storage/queue.go:610  [replicate,n1,s1,r2/1:/Table/1{1-2},@c42030c600] purgatory: 0 of 1 store with an attribute matching []; likely not enough nodes in cluster
E170120 17:26:21.851093 24 storage/queue.go:610  [replicate,n1,s1,r4/1:/Table/1{3-4},@c42030cc00] purgatory: 0 of 1 store with an attribute matching []; likely not enough nodes in cluster
E170120 17:26:21.851165 24 storage/queue.go:610  [replicate,n1,s1,r1/1:/{Min-Table/11},@c42030c000] purgatory: 0 of 1 store with an attribute matching []; likely not enough nodes in cluster
E170120 17:26:21.851702 24 storage/queue.go:610  [replicate,n1,s1,r22/1:/Table/5{1-2},@c42030d500] purgatory: 0 of 1 store with an attribute matching []; likely not enough nodes in cluster
E170120 17:26:21.852154 24 storage/queue.go:610  [replicate,n1,s1,r5/1:/Table/{14-50},@c42030cf00] purgatory: 0 of 1 store with an attribute matching []; likely not enough nodes in cluster
E170120 17:26:22.050780 24 storage/queue.go:677  [n1,replicate] 8 replicas failing with "0 of 1 store with an attribute matching []; likely not enough nodes in cluster"
E170120 17:27:21.848614 24 storage/queue.go:610  [replicate,n1,s1,r22/1:/Table/5{1-2},@c42030d500] purgatory: 0 of 1 store with an attribute matching []; likely not enough nodes in cluster
E170120 17:27:21.849423 24 storage/queue.go:610  [replicate,n1,s1,r5/1:/Table/{14-50},@c42030cf00] purgatory: 0 of 1 store with an attribute matching []; likely not enough nodes in cluster
E170120 17:27:21.850021 24 storage/queue.go:610  [replicate,n1,s1,r31/1:/{Table/52-Max},@c420ef8600] purgatory: 0 of 1 store with an attribute matching []; likely not enough nodes in cluster
E170120 17:27:21.850689 24 storage/queue.go:610  [replicate,n1,s1,r3/1:/Table/1{2-3},@c42030c900] purgatory: 0 of 1 store with an attribute matching []; likely not enough nodes in cluster
E170120 17:27:21.851322 24 storage/queue.go:610  [replicate,n1,s1,r21/1:/Table/5{0-1},@c42030d200] purgatory: 0 of 1 store with an attribute matching []; likely not enough nodes in cluster
E170120 17:27:21.851807 24 storage/queue.go:610  [replicate,n1,s1,r2/1:/Table/1{1-2},@c42030c600] purgatory: 0 of 1 store with an attribute matching []; likely not enough nodes in cluster
E170120 17:27:21.852285 24 storage/queue.go:610  [replicate,n1,s1,r4/1:/Table/1{3-4},@c42030cc00] purgatory: 0 of 1 store with an attribute matching []; likely not enough nodes in cluster
E170120 17:27:21.852340 24 storage/queue.go:610  [replicate,n1,s1,r1/1:/{Min-Table/11},@c42030c000] purgatory: 0 of 1 store with an attribute matching []; likely not enough nodes in cluster
