E170120 16:17:19.811641 25 util/log/clog.go:1003  [config] file created at: 2017/01/20 16:17:19
E170120 16:17:19.811641 25 util/log/clog.go:1003  [config] running on machine: MBP-de-Jhon
E170120 16:17:19.811641 25 util/log/clog.go:1003  [config] binary: CockroachDB beta-20170112 (darwin amd64, built 2017/01/20 15:39:54, go1.7.4)
E170120 16:17:19.811641 25 util/log/clog.go:1003  [config] arguments: [cockroach start --http-port=8000]
E170120 16:17:19.811641 25 util/log/clog.go:1003  line format: [IWEF]yymmdd hh:mm:ss.uuuuuu goid file:line msg
E170120 16:17:19.811640 25 storage/queue.go:610  [replicate,n1,s1,r1/1:/{Min-Table/11},@c420318000] purgatory: 0 of 1 store with an attribute matching []; likely not enough nodes in cluster
E170120 16:17:19.812253 145 storage/queue.go:610  [replicate,n1,s1,r1/1:/{Min-Table/11},@c420318000] purgatory: 0 of 1 store with an attribute matching []; likely not enough nodes in cluster
E170120 16:17:20.014384 25 storage/queue.go:610  [replicate,n1,s1,r3/1:/Table/1{2-3},@c420318900] purgatory: 0 of 1 store with an attribute matching []; likely not enough nodes in cluster
E170120 16:17:20.217365 25 storage/queue.go:610  [replicate,n1,s1,r4/1:/Table/1{3-4},@c420318c00] purgatory: 0 of 1 store with an attribute matching []; likely not enough nodes in cluster
E170120 16:17:20.419047 25 storage/queue.go:610  [replicate,n1,s1,r2/1:/Table/1{1-2},@c420318600] purgatory: 0 of 1 store with an attribute matching []; likely not enough nodes in cluster
E170120 16:17:20.620912 25 storage/queue.go:610  [replicate,n1,s1,r5/1:/{Table/14-Max},@c420318f00] purgatory: 0 of 1 store with an attribute matching []; likely not enough nodes in cluster
E170120 16:17:29.610122 89 server/status/runtime.go:187  unable to get file descriptor usage (will not try again): not implemented on darwin
E170120 16:18:19.611159 145 storage/queue.go:610  [replicate,n1,s1,r4/1:/Table/1{3-4},@c420318c00] purgatory: 0 of 1 store with an attribute matching []; likely not enough nodes in cluster
E170120 16:18:19.611591 145 storage/queue.go:610  [replicate,n1,s1,r2/1:/Table/1{1-2},@c420318600] purgatory: 0 of 1 store with an attribute matching []; likely not enough nodes in cluster
E170120 16:18:19.611960 145 storage/queue.go:610  [replicate,n1,s1,r5/1:/{Table/14-Max},@c420318f00] purgatory: 0 of 1 store with an attribute matching []; likely not enough nodes in cluster
E170120 16:18:19.612004 145 storage/queue.go:610  [replicate,n1,s1,r1/1:/{Min-Table/11},@c420318000] purgatory: 0 of 1 store with an attribute matching []; likely not enough nodes in cluster
E170120 16:18:19.612481 145 storage/queue.go:610  [replicate,n1,s1,r3/1:/Table/1{2-3},@c420318900] purgatory: 0 of 1 store with an attribute matching []; likely not enough nodes in cluster
E170120 16:19:19.615269 145 storage/queue.go:610  [replicate,n1,s1,r3/1:/Table/1{2-3},@c420318900] purgatory: 0 of 1 store with an attribute matching []; likely not enough nodes in cluster
E170120 16:19:19.615884 145 storage/queue.go:610  [replicate,n1,s1,r4/1:/Table/1{3-4},@c420318c00] purgatory: 0 of 1 store with an attribute matching []; likely not enough nodes in cluster
E170120 16:19:19.616514 145 storage/queue.go:610  [replicate,n1,s1,r2/1:/Table/1{1-2},@c420318600] purgatory: 0 of 1 store with an attribute matching []; likely not enough nodes in cluster
E170120 16:19:19.617107 145 storage/queue.go:610  [replicate,n1,s1,r5/1:/{Table/14-Max},@c420318f00] purgatory: 0 of 1 store with an attribute matching []; likely not enough nodes in cluster
E170120 16:19:19.617175 145 storage/queue.go:610  [replicate,n1,s1,r1/1:/{Min-Table/11},@c420318000] purgatory: 0 of 1 store with an attribute matching []; likely not enough nodes in cluster
E170120 16:20:19.611530 145 storage/queue.go:610  [replicate,n1,s1,r1/1:/{Min-Table/11},@c420318000] purgatory: 0 of 1 store with an attribute matching []; likely not enough nodes in cluster
E170120 16:20:19.612298 145 storage/queue.go:610  [replicate,n1,s1,r3/1:/Table/1{2-3},@c420318900] purgatory: 0 of 1 store with an attribute matching []; likely not enough nodes in cluster
E170120 16:20:19.612913 145 storage/queue.go:610  [replicate,n1,s1,r4/1:/Table/1{3-4},@c420318c00] purgatory: 0 of 1 store with an attribute matching []; likely not enough nodes in cluster
E170120 16:20:19.613395 145 storage/queue.go:610  [replicate,n1,s1,r2/1:/Table/1{1-2},@c420318600] purgatory: 0 of 1 store with an attribute matching []; likely not enough nodes in cluster
E170120 16:20:19.613879 145 storage/queue.go:610  [replicate,n1,s1,r5/1:/{Table/14-Max},@c420318f00] purgatory: 0 of 1 store with an attribute matching []; likely not enough nodes in cluster
E170120 16:21:19.610407 145 storage/queue.go:610  [replicate,n1,s1,r1/1:/{Min-Table/11},@c420318000] purgatory: 0 of 1 store with an attribute matching []; likely not enough nodes in cluster
E170120 16:21:19.611317 145 storage/queue.go:610  [replicate,n1,s1,r3/1:/Table/1{2-3},@c420318900] purgatory: 0 of 1 store with an attribute matching []; likely not enough nodes in cluster
E170120 16:21:19.611870 145 storage/queue.go:610  [replicate,n1,s1,r4/1:/Table/1{3-4},@c420318c00] purgatory: 0 of 1 store with an attribute matching []; likely not enough nodes in cluster
E170120 16:21:19.612330 145 storage/queue.go:610  [replicate,n1,s1,r2/1:/Table/1{1-2},@c420318600] purgatory: 0 of 1 store with an attribute matching []; likely not enough nodes in cluster
E170120 16:21:19.612760 145 storage/queue.go:610  [replicate,n1,s1,r5/1:/{Table/14-Max},@c420318f00] purgatory: 0 of 1 store with an attribute matching []; likely not enough nodes in cluster
E170120 16:22:19.611796 145 storage/queue.go:610  [replicate,n1,s1,r3/1:/Table/1{2-3},@c420318900] purgatory: 0 of 1 store with an attribute matching []; likely not enough nodes in cluster
E170120 16:22:19.612133 145 storage/queue.go:610  [replicate,n1,s1,r4/1:/Table/1{3-4},@c420318c00] purgatory: 0 of 1 store with an attribute matching []; likely not enough nodes in cluster
E170120 16:22:19.612477 145 storage/queue.go:610  [replicate,n1,s1,r2/1:/Table/1{1-2},@c420318600] purgatory: 0 of 1 store with an attribute matching []; likely not enough nodes in cluster
E170120 16:22:19.612785 145 storage/queue.go:610  [replicate,n1,s1,r5/1:/{Table/14-Max},@c420318f00] purgatory: 0 of 1 store with an attribute matching []; likely not enough nodes in cluster
E170120 16:22:19.612828 145 storage/queue.go:610  [replicate,n1,s1,r1/1:/{Min-Table/11},@c420318000] purgatory: 0 of 1 store with an attribute matching []; likely not enough nodes in cluster
E170120 16:22:35.492664 25 storage/queue.go:610  [replicate,n1,s1,r21/1:/{Table/50-Max},@c4229de600] purgatory: 0 of 1 store with an attribute matching []; likely not enough nodes in cluster
E170120 16:22:35.492931 145 storage/queue.go:610  [replicate,n1,s1,r4/1:/Table/1{3-4},@c420318c00] purgatory: 0 of 1 store with an attribute matching []; likely not enough nodes in cluster
E170120 16:22:35.493393 145 storage/queue.go:610  [replicate,n1,s1,r2/1:/Table/1{1-2},@c420318600] purgatory: 0 of 1 store with an attribute matching []; likely not enough nodes in cluster
E170120 16:22:35.493435 145 storage/queue.go:610  [replicate,n1,s1,r5/1:/Table/{14-50},@c420318f00] purgatory: 0 of 1 store with an attribute matching []; likely not enough nodes in cluster
E170120 16:22:35.493467 145 storage/queue.go:610  [replicate,n1,s1,r1/1:/{Min-Table/11},@c420318000] purgatory: 0 of 1 store with an attribute matching []; likely not enough nodes in cluster
E170120 16:22:35.493501 145 storage/queue.go:610  [replicate,n1,s1,r21/1:/{Table/50-Max},@c4229de600] purgatory: 0 of 1 store with an attribute matching []; likely not enough nodes in cluster
E170120 16:22:35.493531 145 storage/queue.go:610  [replicate,n1,s1,r3/1:/Table/1{2-3},@c420318900] purgatory: 0 of 1 store with an attribute matching []; likely not enough nodes in cluster
E170120 16:23:19.613982 145 storage/queue.go:610  [replicate,n1,s1,r1/1:/{Min-Table/11},@c420318000] purgatory: 0 of 1 store with an attribute matching []; likely not enough nodes in cluster
E170120 16:23:19.614864 145 storage/queue.go:610  [replicate,n1,s1,r21/1:/{Table/50-Max},@c4229de600] purgatory: 0 of 1 store with an attribute matching []; likely not enough nodes in cluster
E170120 16:23:19.615621 145 storage/queue.go:610  [replicate,n1,s1,r3/1:/Table/1{2-3},@c420318900] purgatory: 0 of 1 store with an attribute matching []; likely not enough nodes in cluster
E170120 16:23:19.616258 145 storage/queue.go:610  [replicate,n1,s1,r4/1:/Table/1{3-4},@c420318c00] purgatory: 0 of 1 store with an attribute matching []; likely not enough nodes in cluster
E170120 16:23:19.616879 145 storage/queue.go:610  [replicate,n1,s1,r2/1:/Table/1{1-2},@c420318600] purgatory: 0 of 1 store with an attribute matching []; likely not enough nodes in cluster
E170120 16:23:19.617360 145 storage/queue.go:610  [replicate,n1,s1,r5/1:/Table/{14-50},@c420318f00] purgatory: 0 of 1 store with an attribute matching []; likely not enough nodes in cluster
E170120 16:24:19.612225 145 storage/queue.go:610  [replicate,n1,s1,r1/1:/{Min-Table/11},@c420318000] purgatory: 0 of 1 store with an attribute matching []; likely not enough nodes in cluster
E170120 16:24:19.613033 145 storage/queue.go:610  [replicate,n1,s1,r21/1:/{Table/50-Max},@c4229de600] purgatory: 0 of 1 store with an attribute matching []; likely not enough nodes in cluster
E170120 16:24:19.613614 145 storage/queue.go:610  [replicate,n1,s1,r3/1:/Table/1{2-3},@c420318900] purgatory: 0 of 1 store with an attribute matching []; likely not enough nodes in cluster
E170120 16:24:19.614200 145 storage/queue.go:610  [replicate,n1,s1,r4/1:/Table/1{3-4},@c420318c00] purgatory: 0 of 1 store with an attribute matching []; likely not enough nodes in cluster
E170120 16:24:19.614791 145 storage/queue.go:610  [replicate,n1,s1,r2/1:/Table/1{1-2},@c420318600] purgatory: 0 of 1 store with an attribute matching []; likely not enough nodes in cluster
E170120 16:24:19.615396 145 storage/queue.go:610  [replicate,n1,s1,r5/1:/Table/{14-50},@c420318f00] purgatory: 0 of 1 store with an attribute matching []; likely not enough nodes in cluster
E170120 16:24:27.314143 25 storage/queue.go:610  [replicate,n1,s1,r22/1:/{Table/51-Max},@c4208d9200] purgatory: 0 of 1 store with an attribute matching []; likely not enough nodes in cluster
E170120 16:24:27.314277 145 storage/queue.go:610  [replicate,n1,s1,r21/1:/Table/5{0-1},@c4229de600] purgatory: 0 of 1 store with an attribute matching []; likely not enough nodes in cluster
E170120 16:24:27.314317 145 storage/queue.go:610  [replicate,n1,s1,r3/1:/Table/1{2-3},@c420318900] purgatory: 0 of 1 store with an attribute matching []; likely not enough nodes in cluster
E170120 16:24:27.314351 145 storage/queue.go:610  [replicate,n1,s1,r4/1:/Table/1{3-4},@c420318c00] purgatory: 0 of 1 store with an attribute matching []; likely not enough nodes in cluster
E170120 16:24:27.314391 145 storage/queue.go:610  [replicate,n1,s1,r2/1:/Table/1{1-2},@c420318600] purgatory: 0 of 1 store with an attribute matching []; likely not enough nodes in cluster
E170120 16:24:27.314446 145 storage/queue.go:610  [replicate,n1,s1,r5/1:/Table/{14-50},@c420318f00] purgatory: 0 of 1 store with an attribute matching []; likely not enough nodes in cluster
E170120 16:24:27.314527 145 storage/queue.go:610  [replicate,n1,s1,r22/1:/{Table/51-Max},@c4208d9200] purgatory: 0 of 1 store with an attribute matching []; likely not enough nodes in cluster
E170120 16:24:27.314584 145 storage/queue.go:610  [replicate,n1,s1,r1/1:/{Min-Table/11},@c420318000] purgatory: 0 of 1 store with an attribute matching []; likely not enough nodes in cluster
E170120 16:25:19.610808 145 storage/queue.go:610  [replicate,n1,s1,r3/1:/Table/1{2-3},@c420318900] purgatory: 0 of 1 store with an attribute matching []; likely not enough nodes in cluster
E170120 16:25:19.611315 145 storage/queue.go:610  [replicate,n1,s1,r4/1:/Table/1{3-4},@c420318c00] purgatory: 0 of 1 store with an attribute matching []; likely not enough nodes in cluster
E170120 16:25:19.611797 145 storage/queue.go:610  [replicate,n1,s1,r2/1:/Table/1{1-2},@c420318600] purgatory: 0 of 1 store with an attribute matching []; likely not enough nodes in cluster
E170120 16:25:19.612449 145 storage/queue.go:610  [replicate,n1,s1,r5/1:/Table/{14-50},@c420318f00] purgatory: 0 of 1 store with an attribute matching []; likely not enough nodes in cluster
E170120 16:25:19.613054 145 storage/queue.go:610  [replicate,n1,s1,r22/1:/{Table/51-Max},@c4208d9200] purgatory: 0 of 1 store with an attribute matching []; likely not enough nodes in cluster
E170120 16:25:19.613113 145 storage/queue.go:610  [replicate,n1,s1,r1/1:/{Min-Table/11},@c420318000] purgatory: 0 of 1 store with an attribute matching []; likely not enough nodes in cluster
E170120 16:25:19.613623 145 storage/queue.go:610  [replicate,n1,s1,r21/1:/Table/5{0-1},@c4229de600] purgatory: 0 of 1 store with an attribute matching []; likely not enough nodes in cluster
E170120 16:26:19.610801 145 storage/queue.go:610  [replicate,n1,s1,r3/1:/Table/1{2-3},@c420318900] purgatory: 0 of 1 store with an attribute matching []; likely not enough nodes in cluster
E170120 16:26:19.611459 145 storage/queue.go:610  [replicate,n1,s1,r4/1:/Table/1{3-4},@c420318c00] purgatory: 0 of 1 store with an attribute matching []; likely not enough nodes in cluster
E170120 16:26:19.612059 145 storage/queue.go:610  [replicate,n1,s1,r2/1:/Table/1{1-2},@c420318600] purgatory: 0 of 1 store with an attribute matching []; likely not enough nodes in cluster
E170120 16:26:19.612585 145 storage/queue.go:610  [replicate,n1,s1,r5/1:/Table/{14-50},@c420318f00] purgatory: 0 of 1 store with an attribute matching []; likely not enough nodes in cluster
E170120 16:26:19.613066 145 storage/queue.go:610  [replicate,n1,s1,r22/1:/{Table/51-Max},@c4208d9200] purgatory: 0 of 1 store with an attribute matching []; likely not enough nodes in cluster
E170120 16:26:19.613114 145 storage/queue.go:610  [replicate,n1,s1,r1/1:/{Min-Table/11},@c420318000] purgatory: 0 of 1 store with an attribute matching []; likely not enough nodes in cluster
E170120 16:26:19.613546 145 storage/queue.go:610  [replicate,n1,s1,r21/1:/Table/5{0-1},@c4229de600] purgatory: 0 of 1 store with an attribute matching []; likely not enough nodes in cluster
E170120 16:27:19.615383 145 storage/queue.go:610  [replicate,n1,s1,r2/1:/Table/1{1-2},@c420318600] purgatory: 0 of 1 store with an attribute matching []; likely not enough nodes in cluster
E170120 16:27:19.616054 145 storage/queue.go:610  [replicate,n1,s1,r5/1:/Table/{14-50},@c420318f00] purgatory: 0 of 1 store with an attribute matching []; likely not enough nodes in cluster
E170120 16:27:19.616684 145 storage/queue.go:610  [replicate,n1,s1,r22/1:/{Table/51-Max},@c4208d9200] purgatory: 0 of 1 store with an attribute matching []; likely not enough nodes in cluster
E170120 16:27:19.616754 145 storage/queue.go:610  [replicate,n1,s1,r1/1:/{Min-Table/11},@c420318000] purgatory: 0 of 1 store with an attribute matching []; likely not enough nodes in cluster
E170120 16:27:19.617319 145 storage/queue.go:610  [replicate,n1,s1,r21/1:/Table/5{0-1},@c4229de600] purgatory: 0 of 1 store with an attribute matching []; likely not enough nodes in cluster
E170120 16:27:19.617887 145 storage/queue.go:610  [replicate,n1,s1,r3/1:/Table/1{2-3},@c420318900] purgatory: 0 of 1 store with an attribute matching []; likely not enough nodes in cluster
E170120 16:27:19.618403 145 storage/queue.go:610  [replicate,n1,s1,r4/1:/Table/1{3-4},@c420318c00] purgatory: 0 of 1 store with an attribute matching []; likely not enough nodes in cluster
E170120 16:27:19.814149 145 storage/queue.go:677  [n1,replicate] 7 replicas failing with "0 of 1 store with an attribute matching []; likely not enough nodes in cluster"
E170120 16:28:19.610650 145 storage/queue.go:610  [replicate,n1,s1,r21/1:/Table/5{0-1},@c4229de600] purgatory: 0 of 1 store with an attribute matching []; likely not enough nodes in cluster
E170120 16:28:19.611003 145 storage/queue.go:610  [replicate,n1,s1,r3/1:/Table/1{2-3},@c420318900] purgatory: 0 of 1 store with an attribute matching []; likely not enough nodes in cluster
E170120 16:28:19.611355 145 storage/queue.go:610  [replicate,n1,s1,r4/1:/Table/1{3-4},@c420318c00] purgatory: 0 of 1 store with an attribute matching []; likely not enough nodes in cluster
E170120 16:28:19.611692 145 storage/queue.go:610  [replicate,n1,s1,r2/1:/Table/1{1-2},@c420318600] purgatory: 0 of 1 store with an attribute matching []; likely not enough nodes in cluster
E170120 16:28:19.612018 145 storage/queue.go:610  [replicate,n1,s1,r5/1:/Table/{14-50},@c420318f00] purgatory: 0 of 1 store with an attribute matching []; likely not enough nodes in cluster
E170120 16:28:19.612363 145 storage/queue.go:610  [replicate,n1,s1,r22/1:/{Table/51-Max},@c4208d9200] purgatory: 0 of 1 store with an attribute matching []; likely not enough nodes in cluster
E170120 16:28:19.612402 145 storage/queue.go:610  [replicate,n1,s1,r1/1:/{Min-Table/11},@c420318000] purgatory: 0 of 1 store with an attribute matching []; likely not enough nodes in cluster
E170120 16:29:19.612667 145 storage/queue.go:610  [replicate,n1,s1,r4/1:/Table/1{3-4},@c420318c00] purgatory: 0 of 1 store with an attribute matching []; likely not enough nodes in cluster
E170120 16:29:19.613332 145 storage/queue.go:610  [replicate,n1,s1,r2/1:/Table/1{1-2},@c420318600] purgatory: 0 of 1 store with an attribute matching []; likely not enough nodes in cluster
E170120 16:29:19.613966 145 storage/queue.go:610  [replicate,n1,s1,r5/1:/Table/{14-50},@c420318f00] purgatory: 0 of 1 store with an attribute matching []; likely not enough nodes in cluster
E170120 16:29:19.614551 145 storage/queue.go:610  [replicate,n1,s1,r22/1:/{Table/51-Max},@c4208d9200] purgatory: 0 of 1 store with an attribute matching []; likely not enough nodes in cluster
E170120 16:29:19.614671 145 storage/queue.go:610  [replicate,n1,s1,r1/1:/{Min-Table/11},@c420318000] purgatory: 0 of 1 store with an attribute matching []; likely not enough nodes in cluster
E170120 16:29:19.615382 145 storage/queue.go:610  [replicate,n1,s1,r21/1:/Table/5{0-1},@c4229de600] purgatory: 0 of 1 store with an attribute matching []; likely not enough nodes in cluster
E170120 16:29:19.615854 145 storage/queue.go:610  [replicate,n1,s1,r3/1:/Table/1{2-3},@c420318900] purgatory: 0 of 1 store with an attribute matching []; likely not enough nodes in cluster
E170120 16:30:19.615322 145 storage/queue.go:610  [replicate,n1,s1,r4/1:/Table/1{3-4},@c420318c00] purgatory: 0 of 1 store with an attribute matching []; likely not enough nodes in cluster
E170120 16:30:19.615898 145 storage/queue.go:610  [replicate,n1,s1,r2/1:/Table/1{1-2},@c420318600] purgatory: 0 of 1 store with an attribute matching []; likely not enough nodes in cluster
E170120 16:30:19.616511 145 storage/queue.go:610  [replicate,n1,s1,r5/1:/Table/{14-50},@c420318f00] purgatory: 0 of 1 store with an attribute matching []; likely not enough nodes in cluster
E170120 16:30:19.617082 145 storage/queue.go:610  [replicate,n1,s1,r22/1:/{Table/51-Max},@c4208d9200] purgatory: 0 of 1 store with an attribute matching []; likely not enough nodes in cluster
E170120 16:30:19.617153 145 storage/queue.go:610  [replicate,n1,s1,r1/1:/{Min-Table/11},@c420318000] purgatory: 0 of 1 store with an attribute matching []; likely not enough nodes in cluster
E170120 16:30:19.617793 145 storage/queue.go:610  [replicate,n1,s1,r21/1:/Table/5{0-1},@c4229de600] purgatory: 0 of 1 store with an attribute matching []; likely not enough nodes in cluster
E170120 16:30:19.618342 145 storage/queue.go:610  [replicate,n1,s1,r3/1:/Table/1{2-3},@c420318900] purgatory: 0 of 1 store with an attribute matching []; likely not enough nodes in cluster
E170120 16:31:19.615430 145 storage/queue.go:610  [replicate,n1,s1,r22/1:/{Table/51-Max},@c4208d9200] purgatory: 0 of 1 store with an attribute matching []; likely not enough nodes in cluster
E170120 16:31:19.615506 145 storage/queue.go:610  [replicate,n1,s1,r1/1:/{Min-Table/11},@c420318000] purgatory: 0 of 1 store with an attribute matching []; likely not enough nodes in cluster
E170120 16:31:19.616109 145 storage/queue.go:610  [replicate,n1,s1,r21/1:/Table/5{0-1},@c4229de600] purgatory: 0 of 1 store with an attribute matching []; likely not enough nodes in cluster
E170120 16:31:19.616731 145 storage/queue.go:610  [replicate,n1,s1,r3/1:/Table/1{2-3},@c420318900] purgatory: 0 of 1 store with an attribute matching []; likely not enough nodes in cluster
E170120 16:31:19.617336 145 storage/queue.go:610  [replicate,n1,s1,r4/1:/Table/1{3-4},@c420318c00] purgatory: 0 of 1 store with an attribute matching []; likely not enough nodes in cluster
E170120 16:31:19.617890 145 storage/queue.go:610  [replicate,n1,s1,r2/1:/Table/1{1-2},@c420318600] purgatory: 0 of 1 store with an attribute matching []; likely not enough nodes in cluster
E170120 16:31:19.618363 145 storage/queue.go:610  [replicate,n1,s1,r5/1:/Table/{14-50},@c420318f00] purgatory: 0 of 1 store with an attribute matching []; likely not enough nodes in cluster
E170120 16:32:19.611036 145 storage/queue.go:610  [replicate,n1,s1,r5/1:/Table/{14-50},@c420318f00] purgatory: 0 of 1 store with an attribute matching []; likely not enough nodes in cluster
E170120 16:32:19.611563 145 storage/queue.go:610  [replicate,n1,s1,r22/1:/{Table/51-Max},@c4208d9200] purgatory: 0 of 1 store with an attribute matching []; likely not enough nodes in cluster
E170120 16:32:19.611619 145 storage/queue.go:610  [replicate,n1,s1,r1/1:/{Min-Table/11},@c420318000] purgatory: 0 of 1 store with an attribute matching []; likely not enough nodes in cluster
E170120 16:32:19.612120 145 storage/queue.go:610  [replicate,n1,s1,r21/1:/Table/5{0-1},@c4229de600] purgatory: 0 of 1 store with an attribute matching []; likely not enough nodes in cluster
E170120 16:32:19.612554 145 storage/queue.go:610  [replicate,n1,s1,r3/1:/Table/1{2-3},@c420318900] purgatory: 0 of 1 store with an attribute matching []; likely not enough nodes in cluster
E170120 16:32:19.613004 145 storage/queue.go:610  [replicate,n1,s1,r4/1:/Table/1{3-4},@c420318c00] purgatory: 0 of 1 store with an attribute matching []; likely not enough nodes in cluster
E170120 16:32:19.613429 145 storage/queue.go:610  [replicate,n1,s1,r2/1:/Table/1{1-2},@c420318600] purgatory: 0 of 1 store with an attribute matching []; likely not enough nodes in cluster
E170120 16:33:19.612604 145 storage/queue.go:610  [replicate,n1,s1,r21/1:/Table/5{0-1},@c4229de600] purgatory: 0 of 1 store with an attribute matching []; likely not enough nodes in cluster
E170120 16:33:19.613254 145 storage/queue.go:610  [replicate,n1,s1,r3/1:/Table/1{2-3},@c420318900] purgatory: 0 of 1 store with an attribute matching []; likely not enough nodes in cluster
E170120 16:33:19.613878 145 storage/queue.go:610  [replicate,n1,s1,r4/1:/Table/1{3-4},@c420318c00] purgatory: 0 of 1 store with an attribute matching []; likely not enough nodes in cluster
E170120 16:33:19.614499 145 storage/queue.go:610  [replicate,n1,s1,r2/1:/Table/1{1-2},@c420318600] purgatory: 0 of 1 store with an attribute matching []; likely not enough nodes in cluster
E170120 16:33:19.615113 145 storage/queue.go:610  [replicate,n1,s1,r5/1:/Table/{14-50},@c420318f00] purgatory: 0 of 1 store with an attribute matching []; likely not enough nodes in cluster
E170120 16:33:19.615671 145 storage/queue.go:610  [replicate,n1,s1,r22/1:/{Table/51-Max},@c4208d9200] purgatory: 0 of 1 store with an attribute matching []; likely not enough nodes in cluster
E170120 16:33:19.615725 145 storage/queue.go:610  [replicate,n1,s1,r1/1:/{Min-Table/11},@c420318000] purgatory: 0 of 1 store with an attribute matching []; likely not enough nodes in cluster
E170120 16:34:19.611260 145 storage/queue.go:610  [replicate,n1,s1,r3/1:/Table/1{2-3},@c420318900] purgatory: 0 of 1 store with an attribute matching []; likely not enough nodes in cluster
E170120 16:34:19.611895 145 storage/queue.go:610  [replicate,n1,s1,r4/1:/Table/1{3-4},@c420318c00] purgatory: 0 of 1 store with an attribute matching []; likely not enough nodes in cluster
E170120 16:34:19.612518 145 storage/queue.go:610  [replicate,n1,s1,r2/1:/Table/1{1-2},@c420318600] purgatory: 0 of 1 store with an attribute matching []; likely not enough nodes in cluster
E170120 16:34:19.613099 145 storage/queue.go:610  [replicate,n1,s1,r5/1:/Table/{14-50},@c420318f00] purgatory: 0 of 1 store with an attribute matching []; likely not enough nodes in cluster
E170120 16:34:19.613709 145 storage/queue.go:610  [replicate,n1,s1,r22/1:/{Table/51-Max},@c4208d9200] purgatory: 0 of 1 store with an attribute matching []; likely not enough nodes in cluster
E170120 16:34:19.613780 145 storage/queue.go:610  [replicate,n1,s1,r1/1:/{Min-Table/11},@c420318000] purgatory: 0 of 1 store with an attribute matching []; likely not enough nodes in cluster
E170120 16:34:19.614284 145 storage/queue.go:610  [replicate,n1,s1,r21/1:/Table/5{0-1},@c4229de600] purgatory: 0 of 1 store with an attribute matching []; likely not enough nodes in cluster
E170120 16:35:19.610988 145 storage/queue.go:610  [replicate,n1,s1,r21/1:/Table/5{0-1},@c4229de600] purgatory: 0 of 1 store with an attribute matching []; likely not enough nodes in cluster
E170120 16:35:19.611415 145 storage/queue.go:610  [replicate,n1,s1,r3/1:/Table/1{2-3},@c420318900] purgatory: 0 of 1 store with an attribute matching []; likely not enough nodes in cluster
E170120 16:35:19.611825 145 storage/queue.go:610  [replicate,n1,s1,r4/1:/Table/1{3-4},@c420318c00] purgatory: 0 of 1 store with an attribute matching []; likely not enough nodes in cluster
E170120 16:35:19.612245 145 storage/queue.go:610  [replicate,n1,s1,r2/1:/Table/1{1-2},@c420318600] purgatory: 0 of 1 store with an attribute matching []; likely not enough nodes in cluster
E170120 16:35:19.612651 145 storage/queue.go:610  [replicate,n1,s1,r5/1:/Table/{14-50},@c420318f00] purgatory: 0 of 1 store with an attribute matching []; likely not enough nodes in cluster
E170120 16:35:19.613224 145 storage/queue.go:610  [replicate,n1,s1,r22/1:/{Table/51-Max},@c4208d9200] purgatory: 0 of 1 store with an attribute matching []; likely not enough nodes in cluster
E170120 16:35:19.613278 145 storage/queue.go:610  [replicate,n1,s1,r1/1:/{Min-Table/11},@c420318000] purgatory: 0 of 1 store with an attribute matching []; likely not enough nodes in cluster
E170120 16:36:19.615338 145 storage/queue.go:610  [replicate,n1,s1,r21/1:/Table/5{0-1},@c4229de600] purgatory: 0 of 1 store with an attribute matching []; likely not enough nodes in cluster
E170120 16:36:19.615990 145 storage/queue.go:610  [replicate,n1,s1,r3/1:/Table/1{2-3},@c420318900] purgatory: 0 of 1 store with an attribute matching []; likely not enough nodes in cluster
E170120 16:36:19.616590 145 storage/queue.go:610  [replicate,n1,s1,r4/1:/Table/1{3-4},@c420318c00] purgatory: 0 of 1 store with an attribute matching []; likely not enough nodes in cluster
E170120 16:36:19.617326 145 storage/queue.go:610  [replicate,n1,s1,r2/1:/Table/1{1-2},@c420318600] purgatory: 0 of 1 store with an attribute matching []; likely not enough nodes in cluster
E170120 16:36:19.617924 145 storage/queue.go:610  [replicate,n1,s1,r5/1:/Table/{14-50},@c420318f00] purgatory: 0 of 1 store with an attribute matching []; likely not enough nodes in cluster
E170120 16:36:19.618483 145 storage/queue.go:610  [replicate,n1,s1,r22/1:/{Table/51-Max},@c4208d9200] purgatory: 0 of 1 store with an attribute matching []; likely not enough nodes in cluster
E170120 16:36:19.618538 145 storage/queue.go:610  [replicate,n1,s1,r1/1:/{Min-Table/11},@c420318000] purgatory: 0 of 1 store with an attribute matching []; likely not enough nodes in cluster
E170120 16:37:19.614386 145 storage/queue.go:610  [replicate,n1,s1,r3/1:/Table/1{2-3},@c420318900] purgatory: 0 of 1 store with an attribute matching []; likely not enough nodes in cluster
E170120 16:37:19.614921 145 storage/queue.go:610  [replicate,n1,s1,r4/1:/Table/1{3-4},@c420318c00] purgatory: 0 of 1 store with an attribute matching []; likely not enough nodes in cluster
E170120 16:37:19.615451 145 storage/queue.go:610  [replicate,n1,s1,r2/1:/Table/1{1-2},@c420318600] purgatory: 0 of 1 store with an attribute matching []; likely not enough nodes in cluster
E170120 16:37:19.616386 145 storage/queue.go:610  [replicate,n1,s1,r5/1:/Table/{14-50},@c420318f00] purgatory: 0 of 1 store with an attribute matching []; likely not enough nodes in cluster
E170120 16:37:19.617373 145 storage/queue.go:610  [replicate,n1,s1,r22/1:/{Table/51-Max},@c4208d9200] purgatory: 0 of 1 store with an attribute matching []; likely not enough nodes in cluster
E170120 16:37:19.617542 145 storage/queue.go:610  [replicate,n1,s1,r1/1:/{Min-Table/11},@c420318000] purgatory: 0 of 1 store with an attribute matching []; likely not enough nodes in cluster
E170120 16:37:19.618470 145 storage/queue.go:610  [replicate,n1,s1,r21/1:/Table/5{0-1},@c4229de600] purgatory: 0 of 1 store with an attribute matching []; likely not enough nodes in cluster
E170120 16:37:19.812511 145 storage/queue.go:677  [n1,replicate] 7 replicas failing with "0 of 1 store with an attribute matching []; likely not enough nodes in cluster"
E170120 16:38:19.612302 145 storage/queue.go:610  [replicate,n1,s1,r4/1:/Table/1{3-4},@c420318c00] purgatory: 0 of 1 store with an attribute matching []; likely not enough nodes in cluster
E170120 16:38:19.612938 145 storage/queue.go:610  [replicate,n1,s1,r2/1:/Table/1{1-2},@c420318600] purgatory: 0 of 1 store with an attribute matching []; likely not enough nodes in cluster
E170120 16:38:19.613507 145 storage/queue.go:610  [replicate,n1,s1,r5/1:/Table/{14-50},@c420318f00] purgatory: 0 of 1 store with an attribute matching []; likely not enough nodes in cluster
E170120 16:38:19.614145 145 storage/queue.go:610  [replicate,n1,s1,r22/1:/{Table/51-Max},@c4208d9200] purgatory: 0 of 1 store with an attribute matching []; likely not enough nodes in cluster
E170120 16:38:19.614216 145 storage/queue.go:610  [replicate,n1,s1,r1/1:/{Min-Table/11},@c420318000] purgatory: 0 of 1 store with an attribute matching []; likely not enough nodes in cluster
E170120 16:38:19.614810 145 storage/queue.go:610  [replicate,n1,s1,r21/1:/Table/5{0-1},@c4229de600] purgatory: 0 of 1 store with an attribute matching []; likely not enough nodes in cluster
E170120 16:38:19.615277 145 storage/queue.go:610  [replicate,n1,s1,r3/1:/Table/1{2-3},@c420318900] purgatory: 0 of 1 store with an attribute matching []; likely not enough nodes in cluster
E170120 16:39:19.615427 145 storage/queue.go:610  [replicate,n1,s1,r4/1:/Table/1{3-4},@c420318c00] purgatory: 0 of 1 store with an attribute matching []; likely not enough nodes in cluster
E170120 16:39:19.616062 145 storage/queue.go:610  [replicate,n1,s1,r2/1:/Table/1{1-2},@c420318600] purgatory: 0 of 1 store with an attribute matching []; likely not enough nodes in cluster
E170120 16:39:19.616695 145 storage/queue.go:610  [replicate,n1,s1,r5/1:/Table/{14-50},@c420318f00] purgatory: 0 of 1 store with an attribute matching []; likely not enough nodes in cluster
E170120 16:39:19.617347 145 storage/queue.go:610  [replicate,n1,s1,r22/1:/{Table/51-Max},@c4208d9200] purgatory: 0 of 1 store with an attribute matching []; likely not enough nodes in cluster
E170120 16:39:19.617417 145 storage/queue.go:610  [replicate,n1,s1,r1/1:/{Min-Table/11},@c420318000] purgatory: 0 of 1 store with an attribute matching []; likely not enough nodes in cluster
E170120 16:39:19.618055 145 storage/queue.go:610  [replicate,n1,s1,r21/1:/Table/5{0-1},@c4229de600] purgatory: 0 of 1 store with an attribute matching []; likely not enough nodes in cluster
E170120 16:39:19.618561 145 storage/queue.go:610  [replicate,n1,s1,r3/1:/Table/1{2-3},@c420318900] purgatory: 0 of 1 store with an attribute matching []; likely not enough nodes in cluster
E170120 16:40:19.611153 145 storage/queue.go:610  [replicate,n1,s1,r1/1:/{Min-Table/11},@c420318000] purgatory: 0 of 1 store with an attribute matching []; likely not enough nodes in cluster
E170120 16:40:19.611977 145 storage/queue.go:610  [replicate,n1,s1,r21/1:/Table/5{0-1},@c4229de600] purgatory: 0 of 1 store with an attribute matching []; likely not enough nodes in cluster
E170120 16:40:19.612603 145 storage/queue.go:610  [replicate,n1,s1,r3/1:/Table/1{2-3},@c420318900] purgatory: 0 of 1 store with an attribute matching []; likely not enough nodes in cluster
E170120 16:40:19.613157 145 storage/queue.go:610  [replicate,n1,s1,r4/1:/Table/1{3-4},@c420318c00] purgatory: 0 of 1 store with an attribute matching []; likely not enough nodes in cluster
E170120 16:40:19.613728 145 storage/queue.go:610  [replicate,n1,s1,r2/1:/Table/1{1-2},@c420318600] purgatory: 0 of 1 store with an attribute matching []; likely not enough nodes in cluster
E170120 16:40:19.614334 145 storage/queue.go:610  [replicate,n1,s1,r5/1:/Table/{14-50},@c420318f00] purgatory: 0 of 1 store with an attribute matching []; likely not enough nodes in cluster
E170120 16:40:19.614851 145 storage/queue.go:610  [replicate,n1,s1,r22/1:/{Table/51-Max},@c4208d9200] purgatory: 0 of 1 store with an attribute matching []; likely not enough nodes in cluster
E170120 16:41:19.610574 145 storage/queue.go:610  [replicate,n1,s1,r1/1:/{Min-Table/11},@c420318000] purgatory: 0 of 1 store with an attribute matching []; likely not enough nodes in cluster
E170120 16:41:19.611483 145 storage/queue.go:610  [replicate,n1,s1,r21/1:/Table/5{0-1},@c4229de600] purgatory: 0 of 1 store with an attribute matching []; likely not enough nodes in cluster
E170120 16:41:19.612126 145 storage/queue.go:610  [replicate,n1,s1,r3/1:/Table/1{2-3},@c420318900] purgatory: 0 of 1 store with an attribute matching []; likely not enough nodes in cluster
E170120 16:41:19.612749 145 storage/queue.go:610  [replicate,n1,s1,r4/1:/Table/1{3-4},@c420318c00] purgatory: 0 of 1 store with an attribute matching []; likely not enough nodes in cluster
E170120 16:41:19.613361 145 storage/queue.go:610  [replicate,n1,s1,r2/1:/Table/1{1-2},@c420318600] purgatory: 0 of 1 store with an attribute matching []; likely not enough nodes in cluster
E170120 16:41:19.613889 145 storage/queue.go:610  [replicate,n1,s1,r5/1:/Table/{14-50},@c420318f00] purgatory: 0 of 1 store with an attribute matching []; likely not enough nodes in cluster
E170120 16:41:19.614383 145 storage/queue.go:610  [replicate,n1,s1,r22/1:/{Table/51-Max},@c4208d9200] purgatory: 0 of 1 store with an attribute matching []; likely not enough nodes in cluster
E170120 16:42:19.614616 145 storage/queue.go:610  [replicate,n1,s1,r4/1:/Table/1{3-4},@c420318c00] purgatory: 0 of 1 store with an attribute matching []; likely not enough nodes in cluster
E170120 16:42:19.614962 145 storage/queue.go:610  [replicate,n1,s1,r2/1:/Table/1{1-2},@c420318600] purgatory: 0 of 1 store with an attribute matching []; likely not enough nodes in cluster
E170120 16:42:19.615278 145 storage/queue.go:610  [replicate,n1,s1,r5/1:/Table/{14-50},@c420318f00] purgatory: 0 of 1 store with an attribute matching []; likely not enough nodes in cluster
E170120 16:42:19.615691 145 storage/queue.go:610  [replicate,n1,s1,r22/1:/{Table/51-Max},@c4208d9200] purgatory: 0 of 1 store with an attribute matching []; likely not enough nodes in cluster
E170120 16:42:19.615732 145 storage/queue.go:610  [replicate,n1,s1,r1/1:/{Min-Table/11},@c420318000] purgatory: 0 of 1 store with an attribute matching []; likely not enough nodes in cluster
E170120 16:42:19.616177 145 storage/queue.go:610  [replicate,n1,s1,r21/1:/Table/5{0-1},@c4229de600] purgatory: 0 of 1 store with an attribute matching []; likely not enough nodes in cluster
E170120 16:42:19.616559 145 storage/queue.go:610  [replicate,n1,s1,r3/1:/Table/1{2-3},@c420318900] purgatory: 0 of 1 store with an attribute matching []; likely not enough nodes in cluster
E170120 16:43:19.613727 145 storage/queue.go:610  [replicate,n1,s1,r22/1:/{Table/51-Max},@c4208d9200] purgatory: 0 of 1 store with an attribute matching []; likely not enough nodes in cluster
E170120 16:43:19.613800 145 storage/queue.go:610  [replicate,n1,s1,r1/1:/{Min-Table/11},@c420318000] purgatory: 0 of 1 store with an attribute matching []; likely not enough nodes in cluster
E170120 16:43:19.615152 145 storage/queue.go:610  [replicate,n1,s1,r21/1:/Table/5{0-1},@c4229de600] purgatory: 0 of 1 store with an attribute matching []; likely not enough nodes in cluster
E170120 16:43:19.615766 145 storage/queue.go:610  [replicate,n1,s1,r3/1:/Table/1{2-3},@c420318900] purgatory: 0 of 1 store with an attribute matching []; likely not enough nodes in cluster
E170120 16:43:19.617419 145 storage/queue.go:610  [replicate,n1,s1,r4/1:/Table/1{3-4},@c420318c00] purgatory: 0 of 1 store with an attribute matching []; likely not enough nodes in cluster
E170120 16:43:19.618522 145 storage/queue.go:610  [replicate,n1,s1,r2/1:/Table/1{1-2},@c420318600] purgatory: 0 of 1 store with an attribute matching []; likely not enough nodes in cluster
E170120 16:43:19.619051 145 storage/queue.go:610  [replicate,n1,s1,r5/1:/Table/{14-50},@c420318f00] purgatory: 0 of 1 store with an attribute matching []; likely not enough nodes in cluster
E170120 16:44:19.611918 145 storage/queue.go:610  [replicate,n1,s1,r5/1:/Table/{14-50},@c420318f00] purgatory: 0 of 1 store with an attribute matching []; likely not enough nodes in cluster
E170120 16:44:19.612542 145 storage/queue.go:610  [replicate,n1,s1,r22/1:/{Table/51-Max},@c4208d9200] purgatory: 0 of 1 store with an attribute matching []; likely not enough nodes in cluster
E170120 16:44:19.612614 145 storage/queue.go:610  [replicate,n1,s1,r1/1:/{Min-Table/11},@c420318000] purgatory: 0 of 1 store with an attribute matching []; likely not enough nodes in cluster
E170120 16:44:19.613206 145 storage/queue.go:610  [replicate,n1,s1,r21/1:/Table/5{0-1},@c4229de600] purgatory: 0 of 1 store with an attribute matching []; likely not enough nodes in cluster
E170120 16:44:19.613833 145 storage/queue.go:610  [replicate,n1,s1,r3/1:/Table/1{2-3},@c420318900] purgatory: 0 of 1 store with an attribute matching []; likely not enough nodes in cluster
E170120 16:44:19.614447 145 storage/queue.go:610  [replicate,n1,s1,r4/1:/Table/1{3-4},@c420318c00] purgatory: 0 of 1 store with an attribute matching []; likely not enough nodes in cluster
E170120 16:44:19.614982 145 storage/queue.go:610  [replicate,n1,s1,r2/1:/Table/1{1-2},@c420318600] purgatory: 0 of 1 store with an attribute matching []; likely not enough nodes in cluster
E170120 16:45:19.611500 145 storage/queue.go:610  [replicate,n1,s1,r4/1:/Table/1{3-4},@c420318c00] purgatory: 0 of 1 store with an attribute matching []; likely not enough nodes in cluster
E170120 16:45:19.612072 145 storage/queue.go:610  [replicate,n1,s1,r2/1:/Table/1{1-2},@c420318600] purgatory: 0 of 1 store with an attribute matching []; likely not enough nodes in cluster
E170120 16:45:19.612561 145 storage/queue.go:610  [replicate,n1,s1,r5/1:/Table/{14-50},@c420318f00] purgatory: 0 of 1 store with an attribute matching []; likely not enough nodes in cluster
E170120 16:45:19.613119 145 storage/queue.go:610  [replicate,n1,s1,r22/1:/{Table/51-Max},@c4208d9200] purgatory: 0 of 1 store with an attribute matching []; likely not enough nodes in cluster
E170120 16:45:19.613196 145 storage/queue.go:610  [replicate,n1,s1,r1/1:/{Min-Table/11},@c420318000] purgatory: 0 of 1 store with an attribute matching []; likely not enough nodes in cluster
E170120 16:45:19.613869 145 storage/queue.go:610  [replicate,n1,s1,r21/1:/Table/5{0-1},@c4229de600] purgatory: 0 of 1 store with an attribute matching []; likely not enough nodes in cluster
E170120 16:45:19.614671 145 storage/queue.go:610  [replicate,n1,s1,r3/1:/Table/1{2-3},@c420318900] purgatory: 0 of 1 store with an attribute matching []; likely not enough nodes in cluster
